Using pre-set license
Built from '2021.3/staging' branch; Version is '2021.3.10f1 (1c7d0df0160b) revision 1867021'; Using compiler version '192829333'; Build Type 'Release'
OS: 'Windows 10  (10.0.19044) 64bit Core' Language: 'ja' Physical Memory: 16287 MB
BatchMode: 1, IsHumanControllingUs: 0, StartBugReporterOnCrash: 0, Is64bit: 1, IsPro: 1

COMMAND LINE ARGUMENTS:
C:\Program Files\Unity 2021.3.10f1\Editor\Unity.exe
-adb2
-batchMode
-noUpm
-name
AssetImportWorker4
-projectPath
C:/Users/hikar/OneDrive/デスクトップ/asd/My project
-logFile
Logs/AssetImportWorker4.log
-srvPort
56159
Successfully changed project path to: C:/Users/hikar/OneDrive/デスクトップ/asd/My project
C:/Users/hikar/OneDrive/デスクトップ/asd/My project
[UnityMemory] Configuration Parameters - Can be set up in boot.config
    "memorysetup-bucket-allocator-granularity=16"
    "memorysetup-bucket-allocator-bucket-count=8"
    "memorysetup-bucket-allocator-block-size=33554432"
    "memorysetup-bucket-allocator-block-count=8"
    "memorysetup-main-allocator-block-size=16777216"
    "memorysetup-thread-allocator-block-size=16777216"
    "memorysetup-gfx-main-allocator-block-size=16777216"
    "memorysetup-gfx-thread-allocator-block-size=16777216"
    "memorysetup-cache-allocator-block-size=4194304"
    "memorysetup-typetree-allocator-block-size=2097152"
    "memorysetup-profiler-bucket-allocator-granularity=16"
    "memorysetup-profiler-bucket-allocator-bucket-count=8"
    "memorysetup-profiler-bucket-allocator-block-size=33554432"
    "memorysetup-profiler-bucket-allocator-block-count=8"
    "memorysetup-profiler-allocator-block-size=16777216"
    "memorysetup-profiler-editor-allocator-block-size=1048576"
    "memorysetup-temp-allocator-size-main=16777216"
    "memorysetup-job-temp-allocator-block-size=2097152"
    "memorysetup-job-temp-allocator-block-size-background=1048576"
    "memorysetup-job-temp-allocator-reduction-small-platforms=262144"
    "memorysetup-temp-allocator-size-background-worker=32768"
    "memorysetup-temp-allocator-size-job-worker=262144"
    "memorysetup-temp-allocator-size-preload-manager=33554432"
    "memorysetup-temp-allocator-size-nav-mesh-worker=65536"
    "memorysetup-temp-allocator-size-audio-worker=65536"
    "memorysetup-temp-allocator-size-cloud-worker=32768"
    "memorysetup-temp-allocator-size-gi-baking-worker=262144"
    "memorysetup-temp-allocator-size-gfx=262144"
Refreshing native plugins compatible for Editor in 185.78 ms, found 3 plugins.
Preloading 0 native plugins for Editor in 0.00 ms.
Initialize engine version: 2021.3.10f1 (1c7d0df0160b)
[Subsystems] Discovering subsystems at path C:/Program Files/Unity 2021.3.10f1/Editor/Data/Resources/UnitySubsystems
[Subsystems] Discovering subsystems at path C:/Users/hikar/OneDrive/デスクトップ/asd/My project/Assets
GfxDevice: creating device client; threaded=0; jobified=0
Direct3D:
    Version:  Direct3D 11.0 [level 11.1]
    Renderer: NVIDIA GeForce RTX 3060 (ID=0x2503)
    Vendor:   NVIDIA
    VRAM:     12129 MB
    Driver:   31.0.15.2756
Initialize mono
Mono path[0] = 'C:/Program Files/Unity 2021.3.10f1/Editor/Data/Managed'
Mono path[1] = 'C:/Program Files/Unity 2021.3.10f1/Editor/Data/MonoBleedingEdge/lib/mono/unityjit-win32'
Mono config path = 'C:/Program Files/Unity 2021.3.10f1/Editor/Data/MonoBleedingEdge/etc'
Using monoOptions --debugger-agent=transport=dt_socket,embedding=1,server=y,suspend=n,address=127.0.0.1:56316
Begin MonoManager ReloadAssembly
Registering precompiled unity dll's ...
Register platform support module: C:/Program Files/Unity 2021.3.10f1/Editor/Data/PlaybackEngines/WebGLSupport/UnityEditor.WebGL.Extensions.dll
Register platform support module: C:/Program Files/Unity 2021.3.10f1/Editor/Data/PlaybackEngines/AndroidPlayer/UnityEditor.Android.Extensions.dll
Register platform support module: C:/Program Files/Unity 2021.3.10f1/Editor/Data/PlaybackEngines/iOSSupport/UnityEditor.iOS.Extensions.dll
Register platform support module: C:/Program Files/Unity 2021.3.10f1/Editor/Data/PlaybackEngines/AppleTVSupport/UnityEditor.AppleTV.Extensions.dll
Register platform support module: C:/Program Files/Unity 2021.3.10f1/Editor/Data/PlaybackEngines/WindowsStandaloneSupport/UnityEditor.WindowsStandalone.Extensions.dll
Register platform support module: C:/Program Files/Unity 2021.3.10f1/Editor/Data/PlaybackEngines/LinuxStandaloneSupport/UnityEditor.LinuxStandalone.Extensions.dll
Register platform support module: C:/Program Files/Unity 2021.3.10f1/Editor/Data/PlaybackEngines/MetroSupport/UnityEditor.UWP.Extensions.dll
Registered in 0.010599 seconds.
Native extension for UWP target not found
Native extension for LinuxStandalone target not found
Native extension for WindowsStandalone target not found
[usbmuxd] Start listen thread
[usbmuxd] Listen thread started
Native extension for AppleTV target not found
[usbmuxd] Start listen thread
[usbmuxd] Listen thread started
Native extension for iOS target not found
Native extension for Android target not found
Native extension for WebGL target not found
Refreshing native plugins compatible for Editor in 92.42 ms, found 3 plugins.
Preloading 0 native plugins for Editor in 0.00 ms.
Mono: successfully reloaded assembly
- Completed reload, in  0.738 seconds
Domain Reload Profiling:
	ReloadAssembly (738ms)
		BeginReloadAssembly (84ms)
			ExecutionOrderSort (0ms)
			DisableScriptedObjects (0ms)
			BackupInstance (0ms)
			ReleaseScriptingObjects (0ms)
			CreateAndSetChildDomain (1ms)
		EndReloadAssembly (537ms)
			LoadAssemblies (84ms)
			RebuildTransferFunctionScriptingTraits (0ms)
			SetupTypeCache (118ms)
			ReleaseScriptCaches (0ms)
			RebuildScriptCaches (33ms)
			SetupLoadedEditorAssemblies (303ms)
				LogAssemblyErrors (0ms)
				InitializePlatformSupportModulesInManaged (66ms)
				SetLoadedEditorAssemblies (0ms)
				RefreshPlugins (93ms)
				BeforeProcessingInitializeOnLoad (1ms)
				ProcessInitializeOnLoadAttributes (99ms)
				ProcessInitializeOnLoadMethodAttributes (44ms)
				AfterProcessingInitializeOnLoad (0ms)
				EditorAssembliesLoaded (0ms)
			ExecutionOrderSort2 (0ms)
			AwakeInstancesAfterBackupRestoration (0ms)
Platform modules already initialized, skipping
Registering precompiled user dll's ...
Registered in 0.009031 seconds.
Begin MonoManager ReloadAssembly
Symbol file LoadedFromMemory doesn't match image C:\Users\hikar\OneDrive\デスクトップ\asd\My project\Library\PackageCache\com.unity.visualscripting@1.7.8\Editor\VisualScripting.Core\Dependencies\YamlDotNet\Unity.VisualScripting.YamlDotNet.dll
Symbol file LoadedFromMemory doesn't match image C:\Users\hikar\OneDrive\デスクトップ\asd\My project\Library\PackageCache\com.unity.visualscripting@1.7.8\Editor\VisualScripting.Core\Dependencies\DotNetZip\Unity.VisualScripting.IonicZip.dll
Native extension for UWP target not found
Native extension for LinuxStandalone target not found
Native extension for WindowsStandalone target not found
Native extension for AppleTV target not found
Native extension for iOS target not found
Native extension for Android target not found
Native extension for WebGL target not found
Refreshing native plugins compatible for Editor in 0.72 ms, found 3 plugins.
Preloading 0 native plugins for Editor in 0.00 ms.
Mono: successfully reloaded assembly
- Completed reload, in  1.201 seconds
Domain Reload Profiling:
	ReloadAssembly (1202ms)
		BeginReloadAssembly (128ms)
			ExecutionOrderSort (0ms)
			DisableScriptedObjects (6ms)
			BackupInstance (0ms)
			ReleaseScriptingObjects (0ms)
			CreateAndSetChildDomain (25ms)
		EndReloadAssembly (933ms)
			LoadAssemblies (124ms)
			RebuildTransferFunctionScriptingTraits (0ms)
			SetupTypeCache (285ms)
			ReleaseScriptCaches (1ms)
			RebuildScriptCaches (56ms)
			SetupLoadedEditorAssemblies (417ms)
				LogAssemblyErrors (0ms)
				InitializePlatformSupportModulesInManaged (32ms)
				SetLoadedEditorAssemblies (0ms)
				RefreshPlugins (1ms)
				BeforeProcessingInitializeOnLoad (103ms)
				ProcessInitializeOnLoadAttributes (243ms)
				ProcessInitializeOnLoadMethodAttributes (29ms)
				AfterProcessingInitializeOnLoad (8ms)
				EditorAssembliesLoaded (0ms)
			ExecutionOrderSort2 (0ms)
			AwakeInstancesAfterBackupRestoration (5ms)
Platform modules already initialized, skipping
========================================================================
Worker process is ready to serve import requests
Launched and connected shader compiler UnityShaderCompiler.exe after 0.06 seconds
Refreshing native plugins compatible for Editor in 0.65 ms, found 3 plugins.
Preloading 0 native plugins for Editor in 0.00 ms.
Unloading 3831 Unused Serialized files (Serialized files now loaded: 0)
Unloading 26 unused Assets / (95.6 KB). Loaded Objects now: 4294.
Memory consumption went from 138.2 MB to 138.1 MB.
Total: 3.183900 ms (FindLiveObjects: 0.357500 ms CreateObjectMapping: 0.305300 ms MarkObjects: 2.421200 ms  DeleteObjects: 0.098700 ms)

AssetImportParameters requested are different than current active one (requested -> active):
  custom:video-decoder-ogg-theora: a1e56fd34408186e4bbccfd4996cb3dc -> 
  custom:container-muxer-webm: aa71ff27fc2769a1b78a27578f13a17b -> 
  custom:container-demuxer-webm: 4f35f7cbe854078d1ac9338744f61a02 -> 
  custom:video-encoder-webm-vp8: eb34c28f22e8b96e1ab97ce403110664 -> 
  custom:audio-encoder-webm-vorbis: bf7c407c2cedff20999df2af8eb42d56 -> 
  custom:framework-win-MediaFoundation: 216162199b28c13a410421893ffa2e32 -> 
  custom:container-demuxer-ogg: 62fdf1f143b41e24485cea50d1cbac27 -> 
  custom:video-decoder-webm-vp8: 9c59270c3fd7afecdb556c50c9e8de78 -> 
  custom:audio-decoder-ogg-vorbis: bf7c407c2cedff20999df2af8eb42d56 -> 
========================================================================
Received Import Request.
  Time since last request: 2063152.469383 seconds.
  path: Assets/prefab/SecenObj
  artifactKey: Guid(36a4c6d71c991fc46ad4d41d3e944b0f) Importer(815301076,1909f56bfc062723c751e8b465ee728b)
Start importing Assets/prefab/SecenObj using Guid(36a4c6d71c991fc46ad4d41d3e944b0f) Importer(815301076,1909f56bfc062723c751e8b465ee728b)  -> (artifact id: '3de7423351ac93f6a07f388d384f59a3') in 0.013298 seconds 
========================================================================
Received Import Request.
  Time since last request: 0.018824 seconds.
  path: Assets/prefab/SecenObj/Game.prefab
  artifactKey: Guid(4194b2805a454d04780edc16107e76f4) Importer(815301076,1909f56bfc062723c751e8b465ee728b)
Start importing Assets/prefab/SecenObj/Game.prefab using Guid(4194b2805a454d04780edc16107e76f4) Importer(815301076,1909f56bfc062723c751e8b465ee728b)  -> (artifact id: '853c2d91c2181c66878aa8208645c5fd') in 0.044247 seconds 
========================================================================
Received Import Request.
  Time since last request: 3.300662 seconds.
  path: Assets/prefab/ScreenObj/RoteMap/RouteMap.prefab
  artifactKey: Guid(cf03ebe9f1b78f84aa3edbe6a04022c5) Importer(815301076,1909f56bfc062723c751e8b465ee728b)
Start importing Assets/prefab/ScreenObj/RoteMap/RouteMap.prefab using Guid(cf03ebe9f1b78f84aa3edbe6a04022c5) Importer(815301076,1909f56bfc062723c751e8b465ee728b)  -> (artifact id: 'd03df6c26851de87039694467062a66c') in 0.074532 seconds 
========================================================================
Received Import Request.
  Time since last request: 17.843777 seconds.
  path: Assets/prefab/ScreenObj/RoteMap/Parts/Map_BattleArea.prefab
  artifactKey: Guid(6e7c207bf2ef5694dbcf0533ed52fab8) Importer(815301076,1909f56bfc062723c751e8b465ee728b)
Start importing Assets/prefab/ScreenObj/RoteMap/Parts/Map_BattleArea.prefab using Guid(6e7c207bf2ef5694dbcf0533ed52fab8) Importer(815301076,1909f56bfc062723c751e8b465ee728b)  -> (artifact id: '1b0b5b33f4c54af4cc20132d29920e90') in 0.007219 seconds 
========================================================================
Received Import Request.
  Time since last request: 13.551113 seconds.
  path: Assets/prefab/ScreenObj/RoteMap/Parts/Map_BattleArea.prefab
  artifactKey: Guid(6e7c207bf2ef5694dbcf0533ed52fab8) Importer(815301076,1909f56bfc062723c751e8b465ee728b)
Start importing Assets/prefab/ScreenObj/RoteMap/Parts/Map_BattleArea.prefab using Guid(6e7c207bf2ef5694dbcf0533ed52fab8) Importer(815301076,1909f56bfc062723c751e8b465ee728b)  -> (artifact id: '76da77c122f85b4d106732692a5d02d9') in 0.006095 seconds 
========================================================================
Received Import Request.
  Time since last request: 34.600752 seconds.
  path: Assets/prefab/ScreenObj/RoteMap/Parts/Map_BattleArea.prefab
  artifactKey: Guid(6e7c207bf2ef5694dbcf0533ed52fab8) Importer(815301076,1909f56bfc062723c751e8b465ee728b)
Start importing Assets/prefab/ScreenObj/RoteMap/Parts/Map_BattleArea.prefab using Guid(6e7c207bf2ef5694dbcf0533ed52fab8) Importer(815301076,1909f56bfc062723c751e8b465ee728b)  -> (artifact id: '97e3feea47ee96fd246145b5265e3b9d') in 0.006885 seconds 
========================================================================
Received Import Request.
  Time since last request: 67.169116 seconds.
  path: Assets/prefab/ScreenObj/RoteMap/Parts/Map_BattleArea.prefab
  artifactKey: Guid(6e7c207bf2ef5694dbcf0533ed52fab8) Importer(815301076,1909f56bfc062723c751e8b465ee728b)
Start importing Assets/prefab/ScreenObj/RoteMap/Parts/Map_BattleArea.prefab using Guid(6e7c207bf2ef5694dbcf0533ed52fab8) Importer(815301076,1909f56bfc062723c751e8b465ee728b)  -> (artifact id: '2e3fb6b84e3e1722db2aa9f2e29e9c72') in 0.007137 seconds 
========================================================================
Received Import Request.
  Time since last request: 119.029674 seconds.
  path: Assets/prefab/ScreenObj/RoteMap/Parts/Map_ShopArea.prefab
  artifactKey: Guid(03392a69b79e6f44ea1bf06aad511ff8) Importer(815301076,1909f56bfc062723c751e8b465ee728b)
Start importing Assets/prefab/ScreenObj/RoteMap/Parts/Map_ShopArea.prefab using Guid(03392a69b79e6f44ea1bf06aad511ff8) Importer(815301076,1909f56bfc062723c751e8b465ee728b)  -> (artifact id: '4604fb073cbb4affc021639f6d5a433d') in 0.005992 seconds 
========================================================================
Received Prepare
Registering precompiled user dll's ...
Registered in 0.009429 seconds.
Begin MonoManager ReloadAssembly
Symbol file LoadedFromMemory doesn't match image C:\Users\hikar\OneDrive\デスクトップ\asd\My project\Library\PackageCache\com.unity.visualscripting@1.7.8\Editor\VisualScripting.Core\Dependencies\YamlDotNet\Unity.VisualScripting.YamlDotNet.dll
Symbol file LoadedFromMemory doesn't match image C:\Users\hikar\OneDrive\デスクトップ\asd\My project\Library\PackageCache\com.unity.visualscripting@1.7.8\Editor\VisualScripting.Core\Dependencies\DotNetZip\Unity.VisualScripting.IonicZip.dll
Native extension for UWP target not found
Native extension for LinuxStandalone target not found
Native extension for WindowsStandalone target not found
Native extension for AppleTV target not found
Native extension for iOS target not found
Native extension for Android target not found
Native extension for WebGL target not found
Refreshing native plugins compatible for Editor in 0.67 ms, found 3 plugins.
Preloading 0 native plugins for Editor in 0.00 ms.
Mono: successfully reloaded assembly
- Completed reload, in  1.098 seconds
Domain Reload Profiling:
	ReloadAssembly (1099ms)
		BeginReloadAssembly (159ms)
			ExecutionOrderSort (0ms)
			DisableScriptedObjects (5ms)
			BackupInstance (0ms)
			ReleaseScriptingObjects (0ms)
			CreateAndSetChildDomain (44ms)
		EndReloadAssembly (836ms)
			LoadAssemblies (114ms)
			RebuildTransferFunctionScriptingTraits (0ms)
			SetupTypeCache (287ms)
			ReleaseScriptCaches (2ms)
			RebuildScriptCaches (44ms)
			SetupLoadedEditorAssemblies (357ms)
				LogAssemblyErrors (0ms)
				InitializePlatformSupportModulesInManaged (41ms)
				SetLoadedEditorAssemblies (0ms)
				RefreshPlugins (1ms)
				BeforeProcessingInitializeOnLoad (73ms)
				ProcessInitializeOnLoadAttributes (205ms)
				ProcessInitializeOnLoadMethodAttributes (27ms)
				AfterProcessingInitializeOnLoad (8ms)
				EditorAssembliesLoaded (0ms)
			ExecutionOrderSort2 (0ms)
			AwakeInstancesAfterBackupRestoration (5ms)
Platform modules already initialized, skipping
Refreshing native plugins compatible for Editor in 2.51 ms, found 3 plugins.
Preloading 0 native plugins for Editor in 0.00 ms.
Unloading 3792 Unused Serialized files (Serialized files now loaded: 0)
Unloading 20 unused Assets / (63.3 KB). Loaded Objects now: 4300.
Memory consumption went from 134.7 MB to 134.6 MB.
Total: 3.169100 ms (FindLiveObjects: 0.312800 ms CreateObjectMapping: 0.214800 ms MarkObjects: 2.556600 ms  DeleteObjects: 0.083500 ms)

AssetImportParameters requested are different than current active one (requested -> active):
  custom:video-decoder-ogg-theora: a1e56fd34408186e4bbccfd4996cb3dc -> 
  custom:container-muxer-webm: aa71ff27fc2769a1b78a27578f13a17b -> 
  custom:container-demuxer-webm: 4f35f7cbe854078d1ac9338744f61a02 -> 
  custom:video-encoder-webm-vp8: eb34c28f22e8b96e1ab97ce403110664 -> 
  custom:audio-encoder-webm-vorbis: bf7c407c2cedff20999df2af8eb42d56 -> 
  custom:framework-win-MediaFoundation: 216162199b28c13a410421893ffa2e32 -> 
  custom:container-demuxer-ogg: 62fdf1f143b41e24485cea50d1cbac27 -> 
  custom:video-decoder-webm-vp8: 9c59270c3fd7afecdb556c50c9e8de78 -> 
  custom:audio-decoder-ogg-vorbis: bf7c407c2cedff20999df2af8eb42d56 -> 
========================================================================
Received Prepare
Registering precompiled user dll's ...
Registered in 0.008862 seconds.
Begin MonoManager ReloadAssembly
Symbol file LoadedFromMemory doesn't match image C:\Users\hikar\OneDrive\デスクトップ\asd\My project\Library\PackageCache\com.unity.visualscripting@1.7.8\Editor\VisualScripting.Core\Dependencies\YamlDotNet\Unity.VisualScripting.YamlDotNet.dll
Symbol file LoadedFromMemory doesn't match image C:\Users\hikar\OneDrive\デスクトップ\asd\My project\Library\PackageCache\com.unity.visualscripting@1.7.8\Editor\VisualScripting.Core\Dependencies\DotNetZip\Unity.VisualScripting.IonicZip.dll
Native extension for UWP target not found
Native extension for LinuxStandalone target not found
Native extension for WindowsStandalone target not found
Native extension for AppleTV target not found
Native extension for iOS target not found
Native extension for Android target not found
Native extension for WebGL target not found
Refreshing native plugins compatible for Editor in 0.75 ms, found 3 plugins.
Preloading 0 native plugins for Editor in 0.00 ms.
Mono: successfully reloaded assembly
- Completed reload, in  1.155 seconds
Domain Reload Profiling:
	ReloadAssembly (1156ms)
		BeginReloadAssembly (160ms)
			ExecutionOrderSort (0ms)
			DisableScriptedObjects (6ms)
			BackupInstance (0ms)
			ReleaseScriptingObjects (0ms)
			CreateAndSetChildDomain (37ms)
		EndReloadAssembly (883ms)
			LoadAssemblies (123ms)
			RebuildTransferFunctionScriptingTraits (0ms)
			SetupTypeCache (290ms)
			ReleaseScriptCaches (2ms)
			RebuildScriptCaches (49ms)
			SetupLoadedEditorAssemblies (381ms)
				LogAssemblyErrors (0ms)
				InitializePlatformSupportModulesInManaged (55ms)
				SetLoadedEditorAssemblies (1ms)
				RefreshPlugins (1ms)
				BeforeProcessingInitializeOnLoad (78ms)
				ProcessInitializeOnLoadAttributes (205ms)
				ProcessInitializeOnLoadMethodAttributes (30ms)
				AfterProcessingInitializeOnLoad (11ms)
				EditorAssembliesLoaded (0ms)
			ExecutionOrderSort2 (0ms)
			AwakeInstancesAfterBackupRestoration (5ms)
Platform modules already initialized, skipping
Refreshing native plugins compatible for Editor in 2.39 ms, found 3 plugins.
Preloading 0 native plugins for Editor in 0.00 ms.
Unloading 3792 Unused Serialized files (Serialized files now loaded: 0)
Unloading 19 unused Assets / (62.6 KB). Loaded Objects now: 4303.
Memory consumption went from 134.7 MB to 134.6 MB.
Total: 3.090900 ms (FindLiveObjects: 0.308900 ms CreateObjectMapping: 0.208700 ms MarkObjects: 2.462800 ms  DeleteObjects: 0.109400 ms)

AssetImportParameters requested are different than current active one (requested -> active):
  custom:video-decoder-ogg-theora: a1e56fd34408186e4bbccfd4996cb3dc -> 
  custom:container-muxer-webm: aa71ff27fc2769a1b78a27578f13a17b -> 
  custom:container-demuxer-webm: 4f35f7cbe854078d1ac9338744f61a02 -> 
  custom:video-encoder-webm-vp8: eb34c28f22e8b96e1ab97ce403110664 -> 
  custom:audio-encoder-webm-vorbis: bf7c407c2cedff20999df2af8eb42d56 -> 
  custom:framework-win-MediaFoundation: 216162199b28c13a410421893ffa2e32 -> 
  custom:container-demuxer-ogg: 62fdf1f143b41e24485cea50d1cbac27 -> 
  custom:video-decoder-webm-vp8: 9c59270c3fd7afecdb556c50c9e8de78 -> 
  custom:audio-decoder-ogg-vorbis: bf7c407c2cedff20999df2af8eb42d56 -> 
========================================================================
Received Import Request.
  Time since last request: 729.512491 seconds.
  path: Assets/prefab/ScreenObj/RoteMap/RouteMap.prefab
  artifactKey: Guid(cf03ebe9f1b78f84aa3edbe6a04022c5) Importer(815301076,1909f56bfc062723c751e8b465ee728b)
Start importing Assets/prefab/ScreenObj/RoteMap/RouteMap.prefab using Guid(cf03ebe9f1b78f84aa3edbe6a04022c5) Importer(815301076,1909f56bfc062723c751e8b465ee728b)  -> (artifact id: '0c1f5caeb2fc2ce881a673beae6ae23e') in 0.147981 seconds 
========================================================================
Received Import Request.
  Time since last request: 6.937047 seconds.
  path: Assets/prefab/ScreenObj/RoteMap/RouteMap.prefab
  artifactKey: Guid(cf03ebe9f1b78f84aa3edbe6a04022c5) Importer(815301076,1909f56bfc062723c751e8b465ee728b)
Start importing Assets/prefab/ScreenObj/RoteMap/RouteMap.prefab using Guid(cf03ebe9f1b78f84aa3edbe6a04022c5) Importer(815301076,1909f56bfc062723c751e8b465ee728b)  -> (artifact id: 'f73b727c85774a741bf196a4dc7f8d44') in 0.031861 seconds 
========================================================================
Received Import Request.
  Time since last request: 20.114801 seconds.
  path: Assets/prefab/ScreenObj/RoteMap/RouteMap.prefab
  artifactKey: Guid(cf03ebe9f1b78f84aa3edbe6a04022c5) Importer(815301076,1909f56bfc062723c751e8b465ee728b)
Start importing Assets/prefab/ScreenObj/RoteMap/RouteMap.prefab using Guid(cf03ebe9f1b78f84aa3edbe6a04022c5) Importer(815301076,1909f56bfc062723c751e8b465ee728b)  -> (artifact id: 'bdc3c9b5e3efa707b3a9302b58d632c9') in 0.034128 seconds 
========================================================================
Received Import Request.
  Time since last request: 1.838698 seconds.
  path: Assets/prefab/ScreenObj/RoteMap/RouteMap.prefab
  artifactKey: Guid(cf03ebe9f1b78f84aa3edbe6a04022c5) Importer(815301076,1909f56bfc062723c751e8b465ee728b)
Start importing Assets/prefab/ScreenObj/RoteMap/RouteMap.prefab using Guid(cf03ebe9f1b78f84aa3edbe6a04022c5) Importer(815301076,1909f56bfc062723c751e8b465ee728b)  -> (artifact id: 'd3773fa6815d523ace27f4baa88918ec') in 0.032639 seconds 
========================================================================
Received Prepare
Registering precompiled user dll's ...
Registered in 0.008428 seconds.
Begin MonoManager ReloadAssembly
Symbol file LoadedFromMemory doesn't match image C:\Users\hikar\OneDrive\デスクトップ\asd\My project\Library\PackageCache\com.unity.visualscripting@1.7.8\Editor\VisualScripting.Core\Dependencies\YamlDotNet\Unity.VisualScripting.YamlDotNet.dll
Symbol file LoadedFromMemory doesn't match image C:\Users\hikar\OneDrive\デスクトップ\asd\My project\Library\PackageCache\com.unity.visualscripting@1.7.8\Editor\VisualScripting.Core\Dependencies\DotNetZip\Unity.VisualScripting.IonicZip.dll
Native extension for UWP target not found
Native extension for LinuxStandalone target not found
Native extension for WindowsStandalone target not found
Native extension for AppleTV target not found
Native extension for iOS target not found
Native extension for Android target not found
Native extension for WebGL target not found
Refreshing native plugins compatible for Editor in 0.97 ms, found 3 plugins.
Preloading 0 native plugins for Editor in 0.00 ms.
Mono: successfully reloaded assembly
- Completed reload, in  1.256 seconds
Domain Reload Profiling:
	ReloadAssembly (1257ms)
		BeginReloadAssembly (166ms)
			ExecutionOrderSort (0ms)
			DisableScriptedObjects (8ms)
			BackupInstance (0ms)
			ReleaseScriptingObjects (0ms)
			CreateAndSetChildDomain (41ms)
		EndReloadAssembly (976ms)
			LoadAssemblies (126ms)
			RebuildTransferFunctionScriptingTraits (0ms)
			SetupTypeCache (315ms)
			ReleaseScriptCaches (2ms)
			RebuildScriptCaches (52ms)
			SetupLoadedEditorAssemblies (425ms)
				LogAssemblyErrors (0ms)
				InitializePlatformSupportModulesInManaged (54ms)
				SetLoadedEditorAssemblies (1ms)
				RefreshPlugins (1ms)
				BeforeProcessingInitializeOnLoad (83ms)
				ProcessInitializeOnLoadAttributes (243ms)
				ProcessInitializeOnLoadMethodAttributes (32ms)
				AfterProcessingInitializeOnLoad (10ms)
				EditorAssembliesLoaded (0ms)
			ExecutionOrderSort2 (0ms)
			AwakeInstancesAfterBackupRestoration (9ms)
Platform modules already initialized, skipping
Refreshing native plugins compatible for Editor in 3.56 ms, found 3 plugins.
Preloading 0 native plugins for Editor in 0.00 ms.
Unloading 3792 Unused Serialized files (Serialized files now loaded: 0)
Unloading 20 unused Assets / (63.4 KB). Loaded Objects now: 4306.
Memory consumption went from 134.7 MB to 134.7 MB.
Total: 4.589100 ms (FindLiveObjects: 0.313900 ms CreateObjectMapping: 0.290300 ms MarkObjects: 3.861800 ms  DeleteObjects: 0.121300 ms)

AssetImportParameters requested are different than current active one (requested -> active):
  custom:video-decoder-ogg-theora: a1e56fd34408186e4bbccfd4996cb3dc -> 
  custom:container-muxer-webm: aa71ff27fc2769a1b78a27578f13a17b -> 
  custom:container-demuxer-webm: 4f35f7cbe854078d1ac9338744f61a02 -> 
  custom:video-encoder-webm-vp8: eb34c28f22e8b96e1ab97ce403110664 -> 
  custom:audio-encoder-webm-vorbis: bf7c407c2cedff20999df2af8eb42d56 -> 
  custom:framework-win-MediaFoundation: 216162199b28c13a410421893ffa2e32 -> 
  custom:container-demuxer-ogg: 62fdf1f143b41e24485cea50d1cbac27 -> 
  custom:video-decoder-webm-vp8: 9c59270c3fd7afecdb556c50c9e8de78 -> 
  custom:audio-decoder-ogg-vorbis: bf7c407c2cedff20999df2af8eb42d56 -> 
========================================================================
Received Prepare
Registering precompiled user dll's ...
Registered in 0.008382 seconds.
Begin MonoManager ReloadAssembly
Symbol file LoadedFromMemory doesn't match image C:\Users\hikar\OneDrive\デスクトップ\asd\My project\Library\PackageCache\com.unity.visualscripting@1.7.8\Editor\VisualScripting.Core\Dependencies\YamlDotNet\Unity.VisualScripting.YamlDotNet.dll
Symbol file LoadedFromMemory doesn't match image C:\Users\hikar\OneDrive\デスクトップ\asd\My project\Library\PackageCache\com.unity.visualscripting@1.7.8\Editor\VisualScripting.Core\Dependencies\DotNetZip\Unity.VisualScripting.IonicZip.dll
Native extension for UWP target not found
Native extension for LinuxStandalone target not found
Native extension for WindowsStandalone target not found
Native extension for AppleTV target not found
Native extension for iOS target not found
Native extension for Android target not found
Native extension for WebGL target not found
Refreshing native plugins compatible for Editor in 0.74 ms, found 3 plugins.
Preloading 0 native plugins for Editor in 0.00 ms.
Mono: successfully reloaded assembly
- Completed reload, in  1.316 seconds
Domain Reload Profiling:
	ReloadAssembly (1317ms)
		BeginReloadAssembly (202ms)
			ExecutionOrderSort (0ms)
			DisableScriptedObjects (7ms)
			BackupInstance (0ms)
			ReleaseScriptingObjects (0ms)
			CreateAndSetChildDomain (64ms)
		EndReloadAssembly (987ms)
			LoadAssemblies (128ms)
			RebuildTransferFunctionScriptingTraits (0ms)
			SetupTypeCache (368ms)
			ReleaseScriptCaches (2ms)
			RebuildScriptCaches (62ms)
			SetupLoadedEditorAssemblies (385ms)
				LogAssemblyErrors (0ms)
				InitializePlatformSupportModulesInManaged (45ms)
				SetLoadedEditorAssemblies (0ms)
				RefreshPlugins (1ms)
				BeforeProcessingInitializeOnLoad (78ms)
				ProcessInitializeOnLoadAttributes (220ms)
				ProcessInitializeOnLoadMethodAttributes (32ms)
				AfterProcessingInitializeOnLoad (8ms)
				EditorAssembliesLoaded (0ms)
			ExecutionOrderSort2 (0ms)
			AwakeInstancesAfterBackupRestoration (6ms)
Platform modules already initialized, skipping
Refreshing native plugins compatible for Editor in 2.94 ms, found 3 plugins.
Preloading 0 native plugins for Editor in 0.00 ms.
Unloading 3792 Unused Serialized files (Serialized files now loaded: 0)
Unloading 19 unused Assets / (70.3 KB). Loaded Objects now: 4309.
Memory consumption went from 134.8 MB to 134.7 MB.
Total: 2.924900 ms (FindLiveObjects: 0.331600 ms CreateObjectMapping: 0.203300 ms MarkObjects: 2.293500 ms  DeleteObjects: 0.095300 ms)

AssetImportParameters requested are different than current active one (requested -> active):
  custom:video-decoder-ogg-theora: a1e56fd34408186e4bbccfd4996cb3dc -> 
  custom:container-muxer-webm: aa71ff27fc2769a1b78a27578f13a17b -> 
  custom:container-demuxer-webm: 4f35f7cbe854078d1ac9338744f61a02 -> 
  custom:video-encoder-webm-vp8: eb34c28f22e8b96e1ab97ce403110664 -> 
  custom:audio-encoder-webm-vorbis: bf7c407c2cedff20999df2af8eb42d56 -> 
  custom:framework-win-MediaFoundation: 216162199b28c13a410421893ffa2e32 -> 
  custom:container-demuxer-ogg: 62fdf1f143b41e24485cea50d1cbac27 -> 
  custom:video-decoder-webm-vp8: 9c59270c3fd7afecdb556c50c9e8de78 -> 
  custom:audio-decoder-ogg-vorbis: bf7c407c2cedff20999df2af8eb42d56 -> 
========================================================================
Received Prepare
Registering precompiled user dll's ...
Registered in 0.008452 seconds.
Begin MonoManager ReloadAssembly
Symbol file LoadedFromMemory doesn't match image C:\Users\hikar\OneDrive\デスクトップ\asd\My project\Library\PackageCache\com.unity.visualscripting@1.7.8\Editor\VisualScripting.Core\Dependencies\YamlDotNet\Unity.VisualScripting.YamlDotNet.dll
Symbol file LoadedFromMemory doesn't match image C:\Users\hikar\OneDrive\デスクトップ\asd\My project\Library\PackageCache\com.unity.visualscripting@1.7.8\Editor\VisualScripting.Core\Dependencies\DotNetZip\Unity.VisualScripting.IonicZip.dll
Native extension for UWP target not found
Native extension for LinuxStandalone target not found
Native extension for WindowsStandalone target not found
Native extension for AppleTV target not found
Native extension for iOS target not found
Native extension for Android target not found
Native extension for WebGL target not found
Refreshing native plugins compatible for Editor in 0.73 ms, found 3 plugins.
Preloading 0 native plugins for Editor in 0.00 ms.
Mono: successfully reloaded assembly
- Completed reload, in  1.214 seconds
Domain Reload Profiling:
	ReloadAssembly (1215ms)
		BeginReloadAssembly (164ms)
			ExecutionOrderSort (0ms)
			DisableScriptedObjects (6ms)
			BackupInstance (0ms)
			ReleaseScriptingObjects (0ms)
			CreateAndSetChildDomain (48ms)
		EndReloadAssembly (943ms)
			LoadAssemblies (120ms)
			RebuildTransferFunctionScriptingTraits (0ms)
			SetupTypeCache (318ms)
			ReleaseScriptCaches (2ms)
			RebuildScriptCaches (56ms)
			SetupLoadedEditorAssemblies (409ms)
				LogAssemblyErrors (0ms)
				InitializePlatformSupportModulesInManaged (45ms)
				SetLoadedEditorAssemblies (1ms)
				RefreshPlugins (1ms)
				BeforeProcessingInitializeOnLoad (88ms)
				ProcessInitializeOnLoadAttributes (235ms)
				ProcessInitializeOnLoadMethodAttributes (31ms)
				AfterProcessingInitializeOnLoad (9ms)
				EditorAssembliesLoaded (0ms)
			ExecutionOrderSort2 (0ms)
			AwakeInstancesAfterBackupRestoration (6ms)
Platform modules already initialized, skipping
Refreshing native plugins compatible for Editor in 2.59 ms, found 3 plugins.
Preloading 0 native plugins for Editor in 0.00 ms.
Unloading 3792 Unused Serialized files (Serialized files now loaded: 0)
Unloading 19 unused Assets / (62.6 KB). Loaded Objects now: 4312.
Memory consumption went from 134.8 MB to 134.7 MB.
Total: 3.117800 ms (FindLiveObjects: 0.329700 ms CreateObjectMapping: 0.288000 ms MarkObjects: 2.415600 ms  DeleteObjects: 0.083300 ms)

AssetImportParameters requested are different than current active one (requested -> active):
  custom:video-decoder-ogg-theora: a1e56fd34408186e4bbccfd4996cb3dc -> 
  custom:container-muxer-webm: aa71ff27fc2769a1b78a27578f13a17b -> 
  custom:container-demuxer-webm: 4f35f7cbe854078d1ac9338744f61a02 -> 
  custom:video-encoder-webm-vp8: eb34c28f22e8b96e1ab97ce403110664 -> 
  custom:audio-encoder-webm-vorbis: bf7c407c2cedff20999df2af8eb42d56 -> 
  custom:framework-win-MediaFoundation: 216162199b28c13a410421893ffa2e32 -> 
  custom:container-demuxer-ogg: 62fdf1f143b41e24485cea50d1cbac27 -> 
  custom:video-decoder-webm-vp8: 9c59270c3fd7afecdb556c50c9e8de78 -> 
  custom:audio-decoder-ogg-vorbis: bf7c407c2cedff20999df2af8eb42d56 -> 
========================================================================
Received Import Request.
  Time since last request: 71.967127 seconds.
  path: Assets/prefab/ScreenObj/RoteMap/Parts/Map_StrengthenArea.prefab
  artifactKey: Guid(da4ff919e49bd504bbafb3cca6cd7988) Importer(815301076,1909f56bfc062723c751e8b465ee728b)
Start importing Assets/prefab/ScreenObj/RoteMap/Parts/Map_StrengthenArea.prefab using Guid(da4ff919e49bd504bbafb3cca6cd7988) Importer(815301076,1909f56bfc062723c751e8b465ee728b)  -> (artifact id: '42264000fe61fe03c7948af6980e103a') in 0.049856 seconds 
========================================================================
Received Import Request.
  Time since last request: 12.151641 seconds.
  path: Assets/prefab/ScreenObj/RoteMap/Parts/Map_BattleArea.prefab
  artifactKey: Guid(6e7c207bf2ef5694dbcf0533ed52fab8) Importer(815301076,1909f56bfc062723c751e8b465ee728b)
Start importing Assets/prefab/ScreenObj/RoteMap/Parts/Map_BattleArea.prefab using Guid(6e7c207bf2ef5694dbcf0533ed52fab8) Importer(815301076,1909f56bfc062723c751e8b465ee728b)  -> (artifact id: '635c9108c343e89833da4c3f480654fc') in 0.010729 seconds 
========================================================================
Received Prepare
Registering precompiled user dll's ...
Registered in 0.008642 seconds.
Begin MonoManager ReloadAssembly
Symbol file LoadedFromMemory doesn't match image C:\Users\hikar\OneDrive\デスクトップ\asd\My project\Library\PackageCache\com.unity.visualscripting@1.7.8\Editor\VisualScripting.Core\Dependencies\YamlDotNet\Unity.VisualScripting.YamlDotNet.dll
Symbol file LoadedFromMemory doesn't match image C:\Users\hikar\OneDrive\デスクトップ\asd\My project\Library\PackageCache\com.unity.visualscripting@1.7.8\Editor\VisualScripting.Core\Dependencies\DotNetZip\Unity.VisualScripting.IonicZip.dll
Native extension for UWP target not found
Native extension for LinuxStandalone target not found
Native extension for WindowsStandalone target not found
Native extension for AppleTV target not found
Native extension for iOS target not found
Native extension for Android target not found
Native extension for WebGL target not found
Refreshing native plugins compatible for Editor in 1.22 ms, found 3 plugins.
Preloading 0 native plugins for Editor in 0.00 ms.
Mono: successfully reloaded assembly
- Completed reload, in  1.243 seconds
Domain Reload Profiling:
	ReloadAssembly (1244ms)
		BeginReloadAssembly (168ms)
			ExecutionOrderSort (0ms)
			DisableScriptedObjects (6ms)
			BackupInstance (0ms)
			ReleaseScriptingObjects (0ms)
			CreateAndSetChildDomain (47ms)
		EndReloadAssembly (967ms)
			LoadAssemblies (128ms)
			RebuildTransferFunctionScriptingTraits (0ms)
			SetupTypeCache (311ms)
			ReleaseScriptCaches (2ms)
			RebuildScriptCaches (45ms)
			SetupLoadedEditorAssemblies (446ms)
				LogAssemblyErrors (0ms)
				InitializePlatformSupportModulesInManaged (47ms)
				SetLoadedEditorAssemblies (1ms)
				RefreshPlugins (1ms)
				BeforeProcessingInitializeOnLoad (90ms)
				ProcessInitializeOnLoadAttributes (264ms)
				ProcessInitializeOnLoadMethodAttributes (32ms)
				AfterProcessingInitializeOnLoad (10ms)
				EditorAssembliesLoaded (0ms)
			ExecutionOrderSort2 (0ms)
			AwakeInstancesAfterBackupRestoration (8ms)
Platform modules already initialized, skipping
Refreshing native plugins compatible for Editor in 3.02 ms, found 3 plugins.
Preloading 0 native plugins for Editor in 0.00 ms.
Unloading 3792 Unused Serialized files (Serialized files now loaded: 0)
Unloading 19 unused Assets / (62.6 KB). Loaded Objects now: 4315.
Memory consumption went from 134.8 MB to 134.7 MB.
Total: 4.496300 ms (FindLiveObjects: 0.339600 ms CreateObjectMapping: 0.266700 ms MarkObjects: 3.678600 ms  DeleteObjects: 0.209400 ms)

AssetImportParameters requested are different than current active one (requested -> active):
  custom:video-decoder-ogg-theora: a1e56fd34408186e4bbccfd4996cb3dc -> 
  custom:container-muxer-webm: aa71ff27fc2769a1b78a27578f13a17b -> 
  custom:container-demuxer-webm: 4f35f7cbe854078d1ac9338744f61a02 -> 
  custom:video-encoder-webm-vp8: eb34c28f22e8b96e1ab97ce403110664 -> 
  custom:audio-encoder-webm-vorbis: bf7c407c2cedff20999df2af8eb42d56 -> 
  custom:framework-win-MediaFoundation: 216162199b28c13a410421893ffa2e32 -> 
  custom:container-demuxer-ogg: 62fdf1f143b41e24485cea50d1cbac27 -> 
  custom:video-decoder-webm-vp8: 9c59270c3fd7afecdb556c50c9e8de78 -> 
  custom:audio-decoder-ogg-vorbis: bf7c407c2cedff20999df2af8eb42d56 -> 
========================================================================
Received Prepare
Registering precompiled user dll's ...
Registered in 0.010966 seconds.
Begin MonoManager ReloadAssembly
Symbol file LoadedFromMemory doesn't match image C:\Users\hikar\OneDrive\デスクトップ\asd\My project\Library\PackageCache\com.unity.visualscripting@1.7.8\Editor\VisualScripting.Core\Dependencies\YamlDotNet\Unity.VisualScripting.YamlDotNet.dll
Symbol file LoadedFromMemory doesn't match image C:\Users\hikar\OneDrive\デスクトップ\asd\My project\Library\PackageCache\com.unity.visualscripting@1.7.8\Editor\VisualScripting.Core\Dependencies\DotNetZip\Unity.VisualScripting.IonicZip.dll
Native extension for UWP target not found
Native extension for LinuxStandalone target not found
Native extension for WindowsStandalone target not found
Native extension for AppleTV target not found
Native extension for iOS target not found
Native extension for Android target not found
Native extension for WebGL target not found
Refreshing native plugins compatible for Editor in 0.88 ms, found 3 plugins.
Preloading 0 native plugins for Editor in 0.00 ms.
Mono: successfully reloaded assembly
- Completed reload, in  1.253 seconds
Domain Reload Profiling:
	ReloadAssembly (1254ms)
		BeginReloadAssembly (164ms)
			ExecutionOrderSort (0ms)
			DisableScriptedObjects (5ms)
			BackupInstance (0ms)
			ReleaseScriptingObjects (0ms)
			CreateAndSetChildDomain (42ms)
		EndReloadAssembly (963ms)
			LoadAssemblies (154ms)
			RebuildTransferFunctionScriptingTraits (0ms)
			SetupTypeCache (314ms)
			ReleaseScriptCaches (1ms)
			RebuildScriptCaches (45ms)
			SetupLoadedEditorAssemblies (406ms)
				LogAssemblyErrors (0ms)
				InitializePlatformSupportModulesInManaged (40ms)
				SetLoadedEditorAssemblies (1ms)
				RefreshPlugins (1ms)
				BeforeProcessingInitializeOnLoad (82ms)
				ProcessInitializeOnLoadAttributes (241ms)
				ProcessInitializeOnLoadMethodAttributes (32ms)
				AfterProcessingInitializeOnLoad (10ms)
				EditorAssembliesLoaded (0ms)
			ExecutionOrderSort2 (0ms)
			AwakeInstancesAfterBackupRestoration (7ms)
Platform modules already initialized, skipping
Refreshing native plugins compatible for Editor in 3.29 ms, found 3 plugins.
Preloading 0 native plugins for Editor in 0.00 ms.
Unloading 3792 Unused Serialized files (Serialized files now loaded: 0)
Unloading 19 unused Assets / (78.2 KB). Loaded Objects now: 4318.
Memory consumption went from 134.8 MB to 134.8 MB.
Total: 4.329200 ms (FindLiveObjects: 0.327900 ms CreateObjectMapping: 0.307900 ms MarkObjects: 3.499000 ms  DeleteObjects: 0.192500 ms)

AssetImportParameters requested are different than current active one (requested -> active):
  custom:video-decoder-ogg-theora: a1e56fd34408186e4bbccfd4996cb3dc -> 
  custom:container-muxer-webm: aa71ff27fc2769a1b78a27578f13a17b -> 
  custom:container-demuxer-webm: 4f35f7cbe854078d1ac9338744f61a02 -> 
  custom:video-encoder-webm-vp8: eb34c28f22e8b96e1ab97ce403110664 -> 
  custom:audio-encoder-webm-vorbis: bf7c407c2cedff20999df2af8eb42d56 -> 
  custom:framework-win-MediaFoundation: 216162199b28c13a410421893ffa2e32 -> 
  custom:container-demuxer-ogg: 62fdf1f143b41e24485cea50d1cbac27 -> 
  custom:video-decoder-webm-vp8: 9c59270c3fd7afecdb556c50c9e8de78 -> 
  custom:audio-decoder-ogg-vorbis: bf7c407c2cedff20999df2af8eb42d56 -> 
========================================================================
Received Import Request.
  Time since last request: 42.517939 seconds.
  path: Assets/prefab/ScreenObj/RoteMap/Parts/Map_BattleArea.prefab
  artifactKey: Guid(6e7c207bf2ef5694dbcf0533ed52fab8) Importer(815301076,1909f56bfc062723c751e8b465ee728b)
Start importing Assets/prefab/ScreenObj/RoteMap/Parts/Map_BattleArea.prefab using Guid(6e7c207bf2ef5694dbcf0533ed52fab8) Importer(815301076,1909f56bfc062723c751e8b465ee728b)  -> (artifact id: '7972f2e47f50ac0540c71fec7dc1846a') in 0.054527 seconds 
========================================================================
Received Prepare
Registering precompiled user dll's ...
Registered in 0.010076 seconds.
Begin MonoManager ReloadAssembly
Symbol file LoadedFromMemory doesn't match image C:\Users\hikar\OneDrive\デスクトップ\asd\My project\Library\PackageCache\com.unity.visualscripting@1.7.8\Editor\VisualScripting.Core\Dependencies\YamlDotNet\Unity.VisualScripting.YamlDotNet.dll
Symbol file LoadedFromMemory doesn't match image C:\Users\hikar\OneDrive\デスクトップ\asd\My project\Library\PackageCache\com.unity.visualscripting@1.7.8\Editor\VisualScripting.Core\Dependencies\DotNetZip\Unity.VisualScripting.IonicZip.dll
Native extension for UWP target not found
Native extension for LinuxStandalone target not found
Native extension for WindowsStandalone target not found
Native extension for AppleTV target not found
Native extension for iOS target not found
Native extension for Android target not found
Native extension for WebGL target not found
Refreshing native plugins compatible for Editor in 0.74 ms, found 3 plugins.
Preloading 0 native plugins for Editor in 0.00 ms.
Mono: successfully reloaded assembly
- Completed reload, in  1.261 seconds
Domain Reload Profiling:
	ReloadAssembly (1262ms)
		BeginReloadAssembly (162ms)
			ExecutionOrderSort (0ms)
			DisableScriptedObjects (6ms)
			BackupInstance (0ms)
			ReleaseScriptingObjects (0ms)
			CreateAndSetChildDomain (44ms)
		EndReloadAssembly (982ms)
			LoadAssemblies (122ms)
			RebuildTransferFunctionScriptingTraits (0ms)
			SetupTypeCache (325ms)
			ReleaseScriptCaches (1ms)
			RebuildScriptCaches (59ms)
			SetupLoadedEditorAssemblies (428ms)
				LogAssemblyErrors (0ms)
				InitializePlatformSupportModulesInManaged (48ms)
				SetLoadedEditorAssemblies (1ms)
				RefreshPlugins (1ms)
				BeforeProcessingInitializeOnLoad (92ms)
				ProcessInitializeOnLoadAttributes (243ms)
				ProcessInitializeOnLoadMethodAttributes (32ms)
				AfterProcessingInitializeOnLoad (11ms)
				EditorAssembliesLoaded (0ms)
			ExecutionOrderSort2 (0ms)
			AwakeInstancesAfterBackupRestoration (6ms)
Platform modules already initialized, skipping
Refreshing native plugins compatible for Editor in 3.56 ms, found 3 plugins.
Preloading 0 native plugins for Editor in 0.00 ms.
Unloading 3792 Unused Serialized files (Serialized files now loaded: 0)
Unloading 19 unused Assets / (62.6 KB). Loaded Objects now: 4321.
Memory consumption went from 134.9 MB to 134.8 MB.
Total: 3.184600 ms (FindLiveObjects: 0.377400 ms CreateObjectMapping: 0.338000 ms MarkObjects: 2.384600 ms  DeleteObjects: 0.083400 ms)

AssetImportParameters requested are different than current active one (requested -> active):
  custom:video-decoder-ogg-theora: a1e56fd34408186e4bbccfd4996cb3dc -> 
  custom:container-muxer-webm: aa71ff27fc2769a1b78a27578f13a17b -> 
  custom:container-demuxer-webm: 4f35f7cbe854078d1ac9338744f61a02 -> 
  custom:video-encoder-webm-vp8: eb34c28f22e8b96e1ab97ce403110664 -> 
  custom:audio-encoder-webm-vorbis: bf7c407c2cedff20999df2af8eb42d56 -> 
  custom:framework-win-MediaFoundation: 216162199b28c13a410421893ffa2e32 -> 
  custom:container-demuxer-ogg: 62fdf1f143b41e24485cea50d1cbac27 -> 
  custom:video-decoder-webm-vp8: 9c59270c3fd7afecdb556c50c9e8de78 -> 
  custom:audio-decoder-ogg-vorbis: bf7c407c2cedff20999df2af8eb42d56 -> 
========================================================================
Received Import Request.
  Time since last request: 82.198437 seconds.
  path: Assets/prefab/ScreenObj/RoteMap/RouteMap.prefab
  artifactKey: Guid(cf03ebe9f1b78f84aa3edbe6a04022c5) Importer(815301076,1909f56bfc062723c751e8b465ee728b)
Start importing Assets/prefab/ScreenObj/RoteMap/RouteMap.prefab using Guid(cf03ebe9f1b78f84aa3edbe6a04022c5) Importer(815301076,1909f56bfc062723c751e8b465ee728b)  -> (artifact id: 'a6c45c89bd88ee184ae56bf95c33c319') in 0.101203 seconds 
========================================================================
Received Import Request.
  Time since last request: 66.827175 seconds.
  path: Assets/prefab/ScreenObj/New Folder
  artifactKey: Guid(c9ebe5c55caab034aa341f719f99307d) Importer(815301076,1909f56bfc062723c751e8b465ee728b)
Start importing Assets/prefab/ScreenObj/New Folder using Guid(c9ebe5c55caab034aa341f719f99307d) Importer(815301076,1909f56bfc062723c751e8b465ee728b)  -> (artifact id: '037bb50d5b3e85c10e4d6d8feaa5f966') in 0.006886 seconds 
========================================================================
Received Import Request.
  Time since last request: 216.288812 seconds.
  path: Assets/prefab/ScreenObj/Battle.prefab
  artifactKey: Guid(e2c4b4e779e05bb4bb462f43cf3bee3c) Importer(815301076,1909f56bfc062723c751e8b465ee728b)
Start importing Assets/prefab/ScreenObj/Battle.prefab using Guid(e2c4b4e779e05bb4bb462f43cf3bee3c) Importer(815301076,1909f56bfc062723c751e8b465ee728b)  -> (artifact id: 'c2d0c906b5373e89209e36ac7e17146d') in 0.010661 seconds 
========================================================================
Received Import Request.
  Time since last request: 64.203629 seconds.
  path: Assets/prefab/ScreenObj/Battle
  artifactKey: Guid(6de8a6e5ffe9d3f46ab73933d3b2ce41) Importer(815301076,1909f56bfc062723c751e8b465ee728b)
Start importing Assets/prefab/ScreenObj/Battle using Guid(6de8a6e5ffe9d3f46ab73933d3b2ce41) Importer(815301076,1909f56bfc062723c751e8b465ee728b)  -> (artifact id: '050fb3865f914e8d60813b3280ce82e9') in 0.002736 seconds 
========================================================================
Received Import Request.
  Time since last request: 100.665318 seconds.
  path: Assets/prefab/ScreenObj/Battle/Battle.prefab
  artifactKey: Guid(e2c4b4e779e05bb4bb462f43cf3bee3c) Importer(815301076,1909f56bfc062723c751e8b465ee728b)
Start importing Assets/prefab/ScreenObj/Battle/Battle.prefab using Guid(e2c4b4e779e05bb4bb462f43cf3bee3c) Importer(815301076,1909f56bfc062723c751e8b465ee728b)  -> (artifact id: 'f89f3f44656397a01c2f07ab2ab6e444') in 0.006205 seconds 
========================================================================
Received Import Request.
  Time since last request: 9.893197 seconds.
  path: Assets/prefab/ScreenObj/Battle/Battle.prefab
  artifactKey: Guid(e2c4b4e779e05bb4bb462f43cf3bee3c) Importer(815301076,1909f56bfc062723c751e8b465ee728b)
Start importing Assets/prefab/ScreenObj/Battle/Battle.prefab using Guid(e2c4b4e779e05bb4bb462f43cf3bee3c) Importer(815301076,1909f56bfc062723c751e8b465ee728b)  -> (artifact id: '1ec49b501700b75ef717db37f5cb1e01') in 0.005268 seconds 
========================================================================
Received Import Request.
  Time since last request: 6.008475 seconds.
  path: Assets/prefab/ScreenObj/Battle/Battle.prefab
  artifactKey: Guid(e2c4b4e779e05bb4bb462f43cf3bee3c) Importer(815301076,1909f56bfc062723c751e8b465ee728b)
Start importing Assets/prefab/ScreenObj/Battle/Battle.prefab using Guid(e2c4b4e779e05bb4bb462f43cf3bee3c) Importer(815301076,1909f56bfc062723c751e8b465ee728b)  -> (artifact id: '3401a336efa225ca1e79a381683093c4') in 0.005794 seconds 
========================================================================
Received Import Request.
  Time since last request: 6.239993 seconds.
  path: Assets/prefab/ScreenObj/Battle/Battle.prefab
  artifactKey: Guid(e2c4b4e779e05bb4bb462f43cf3bee3c) Importer(815301076,1909f56bfc062723c751e8b465ee728b)
Start importing Assets/prefab/ScreenObj/Battle/Battle.prefab using Guid(e2c4b4e779e05bb4bb462f43cf3bee3c) Importer(815301076,1909f56bfc062723c751e8b465ee728b)  -> (artifact id: '5db2bc4cdbeaa11ec410bc460d6f7c0e') in 0.005470 seconds 
========================================================================
Received Import Request.
  Time since last request: 9.524683 seconds.
  path: Assets/prefab/ScreenObj/Battle/Battle.prefab
  artifactKey: Guid(e2c4b4e779e05bb4bb462f43cf3bee3c) Importer(815301076,1909f56bfc062723c751e8b465ee728b)
Start importing Assets/prefab/ScreenObj/Battle/Battle.prefab using Guid(e2c4b4e779e05bb4bb462f43cf3bee3c) Importer(815301076,1909f56bfc062723c751e8b465ee728b)  -> (artifact id: '357f13cb7a2741172a857a040cae15bd') in 0.008403 seconds 
========================================================================
Received Import Request.
  Time since last request: 7.034633 seconds.
  path: Assets/prefab/ScreenObj/Battle/Battle.prefab
  artifactKey: Guid(e2c4b4e779e05bb4bb462f43cf3bee3c) Importer(815301076,1909f56bfc062723c751e8b465ee728b)
Start importing Assets/prefab/ScreenObj/Battle/Battle.prefab using Guid(e2c4b4e779e05bb4bb462f43cf3bee3c) Importer(815301076,1909f56bfc062723c751e8b465ee728b)  -> (artifact id: 'b8e8b86f77599841ddbe89ce9bf3d28a') in 0.005606 seconds 
========================================================================
Received Import Request.
  Time since last request: 5.360141 seconds.
  path: Assets/prefab/ScreenObj/Battle/Battle.prefab
  artifactKey: Guid(e2c4b4e779e05bb4bb462f43cf3bee3c) Importer(815301076,1909f56bfc062723c751e8b465ee728b)
Start importing Assets/prefab/ScreenObj/Battle/Battle.prefab using Guid(e2c4b4e779e05bb4bb462f43cf3bee3c) Importer(815301076,1909f56bfc062723c751e8b465ee728b)  -> (artifact id: '310c9a70c5ecc75fc087d22379387cbb') in 0.005164 seconds 
========================================================================
Received Import Request.
  Time since last request: 1.802597 seconds.
  path: Assets/prefab/ScreenObj/Battle/Battle.prefab
  artifactKey: Guid(e2c4b4e779e05bb4bb462f43cf3bee3c) Importer(815301076,1909f56bfc062723c751e8b465ee728b)
Start importing Assets/prefab/ScreenObj/Battle/Battle.prefab using Guid(e2c4b4e779e05bb4bb462f43cf3bee3c) Importer(815301076,1909f56bfc062723c751e8b465ee728b)  -> (artifact id: '1dd4dde52a63fb1554efda95a9e49e67') in 0.005726 seconds 
========================================================================
Received Import Request.
  Time since last request: 5.037652 seconds.
  path: Assets/prefab/ScreenObj/Battle/Battle.prefab
  artifactKey: Guid(e2c4b4e779e05bb4bb462f43cf3bee3c) Importer(815301076,1909f56bfc062723c751e8b465ee728b)
Start importing Assets/prefab/ScreenObj/Battle/Battle.prefab using Guid(e2c4b4e779e05bb4bb462f43cf3bee3c) Importer(815301076,1909f56bfc062723c751e8b465ee728b)  -> (artifact id: 'e8df7ea2c2bb9f2121d5839786630d01') in 0.006111 seconds 
========================================================================
Received Import Request.
  Time since last request: 5.043839 seconds.
  path: Assets/prefab/ScreenObj/Battle/Battle.prefab
  artifactKey: Guid(e2c4b4e779e05bb4bb462f43cf3bee3c) Importer(815301076,1909f56bfc062723c751e8b465ee728b)
Start importing Assets/prefab/ScreenObj/Battle/Battle.prefab using Guid(e2c4b4e779e05bb4bb462f43cf3bee3c) Importer(815301076,1909f56bfc062723c751e8b465ee728b)  -> (artifact id: '83490c3c571683415ec868547d3088e3') in 0.005422 seconds 
========================================================================
Received Import Request.
  Time since last request: 3.774017 seconds.
  path: Assets/prefab/ScreenObj/Battle/Battle.prefab
  artifactKey: Guid(e2c4b4e779e05bb4bb462f43cf3bee3c) Importer(815301076,1909f56bfc062723c751e8b465ee728b)
Start importing Assets/prefab/ScreenObj/Battle/Battle.prefab using Guid(e2c4b4e779e05bb4bb462f43cf3bee3c) Importer(815301076,1909f56bfc062723c751e8b465ee728b)  -> (artifact id: '72a05849efef4c6d8a0c8d1147e66469') in 0.005845 seconds 
========================================================================
Received Import Request.
  Time since last request: 1.991961 seconds.
  path: Assets/prefab/ScreenObj/Battle/Battle.prefab
  artifactKey: Guid(e2c4b4e779e05bb4bb462f43cf3bee3c) Importer(815301076,1909f56bfc062723c751e8b465ee728b)
Start importing Assets/prefab/ScreenObj/Battle/Battle.prefab using Guid(e2c4b4e779e05bb4bb462f43cf3bee3c) Importer(815301076,1909f56bfc062723c751e8b465ee728b)  -> (artifact id: '2be25f2aa2a6fa1a0b8ae7fefc810c68') in 0.005561 seconds 
========================================================================
Received Import Request.
  Time since last request: 10.305063 seconds.
  path: Assets/prefab/ScreenObj/Battle/Battle.prefab
  artifactKey: Guid(e2c4b4e779e05bb4bb462f43cf3bee3c) Importer(815301076,1909f56bfc062723c751e8b465ee728b)
Start importing Assets/prefab/ScreenObj/Battle/Battle.prefab using Guid(e2c4b4e779e05bb4bb462f43cf3bee3c) Importer(815301076,1909f56bfc062723c751e8b465ee728b)  -> (artifact id: 'fb05398f0075d58c0ac68f2b2fd8500d') in 0.005704 seconds 
========================================================================
Received Import Request.
  Time since last request: 13.248992 seconds.
  path: Assets/prefab/ScreenObj/Battle/Battle.prefab
  artifactKey: Guid(e2c4b4e779e05bb4bb462f43cf3bee3c) Importer(815301076,1909f56bfc062723c751e8b465ee728b)
Start importing Assets/prefab/ScreenObj/Battle/Battle.prefab using Guid(e2c4b4e779e05bb4bb462f43cf3bee3c) Importer(815301076,1909f56bfc062723c751e8b465ee728b)  -> (artifact id: '2f3e9f4d0e86a491e0869170a649b88b') in 0.006026 seconds 
========================================================================
Received Import Request.
  Time since last request: 3.838975 seconds.
  path: Assets/prefab/ScreenObj/Battle/Battle.prefab
  artifactKey: Guid(e2c4b4e779e05bb4bb462f43cf3bee3c) Importer(815301076,1909f56bfc062723c751e8b465ee728b)
Start importing Assets/prefab/ScreenObj/Battle/Battle.prefab using Guid(e2c4b4e779e05bb4bb462f43cf3bee3c) Importer(815301076,1909f56bfc062723c751e8b465ee728b)  -> (artifact id: '5c817451c11ecb1c89274b4906c676c2') in 0.005728 seconds 
========================================================================
Received Import Request.
  Time since last request: 111.941384 seconds.
  path: Assets/prefab/ScreenObj/Battle/Battle.prefab
  artifactKey: Guid(e2c4b4e779e05bb4bb462f43cf3bee3c) Importer(815301076,1909f56bfc062723c751e8b465ee728b)
Start importing Assets/prefab/ScreenObj/Battle/Battle.prefab using Guid(e2c4b4e779e05bb4bb462f43cf3bee3c) Importer(815301076,1909f56bfc062723c751e8b465ee728b)  -> (artifact id: '446f858013eda3e3fee424e96ac4b417') in 0.007107 seconds 
========================================================================
Received Import Request.
  Time since last request: 1.689085 seconds.
  path: Assets/prefab/ScreenObj/Battle/Battle.prefab
  artifactKey: Guid(e2c4b4e779e05bb4bb462f43cf3bee3c) Importer(815301076,1909f56bfc062723c751e8b465ee728b)
Start importing Assets/prefab/ScreenObj/Battle/Battle.prefab using Guid(e2c4b4e779e05bb4bb462f43cf3bee3c) Importer(815301076,1909f56bfc062723c751e8b465ee728b)  -> (artifact id: 'fdf1e9c81989c460e674d63d22677441') in 0.005936 seconds 
========================================================================
Received Import Request.
  Time since last request: 9.749552 seconds.
  path: Assets/prefab/ScreenObj/Battle/Battle.prefab
  artifactKey: Guid(e2c4b4e779e05bb4bb462f43cf3bee3c) Importer(815301076,1909f56bfc062723c751e8b465ee728b)
Start importing Assets/prefab/ScreenObj/Battle/Battle.prefab using Guid(e2c4b4e779e05bb4bb462f43cf3bee3c) Importer(815301076,1909f56bfc062723c751e8b465ee728b)  -> (artifact id: '6c04fe0332be969019abc8eaf8dd58b9') in 0.006500 seconds 
========================================================================
Received Import Request.
  Time since last request: 1.783412 seconds.
  path: Assets/prefab/ScreenObj/Battle/Battle.prefab
  artifactKey: Guid(e2c4b4e779e05bb4bb462f43cf3bee3c) Importer(815301076,1909f56bfc062723c751e8b465ee728b)
Start importing Assets/prefab/ScreenObj/Battle/Battle.prefab using Guid(e2c4b4e779e05bb4bb462f43cf3bee3c) Importer(815301076,1909f56bfc062723c751e8b465ee728b)  -> (artifact id: '5c0824445f619405834a07642a1785f0') in 0.006102 seconds 
========================================================================
Received Import Request.
  Time since last request: 8.318820 seconds.
  path: Assets/prefab/ScreenObj/Battle/Battle.prefab
  artifactKey: Guid(e2c4b4e779e05bb4bb462f43cf3bee3c) Importer(815301076,1909f56bfc062723c751e8b465ee728b)
Start importing Assets/prefab/ScreenObj/Battle/Battle.prefab using Guid(e2c4b4e779e05bb4bb462f43cf3bee3c) Importer(815301076,1909f56bfc062723c751e8b465ee728b)  -> (artifact id: '27a4f3deb3820bd4c4ff40543ea9fdb8') in 0.005699 seconds 
========================================================================
Received Import Request.
  Time since last request: 1.050226 seconds.
  path: Assets/prefab/ScreenObj/Battle/Battle.prefab
  artifactKey: Guid(e2c4b4e779e05bb4bb462f43cf3bee3c) Importer(815301076,1909f56bfc062723c751e8b465ee728b)
Start importing Assets/prefab/ScreenObj/Battle/Battle.prefab using Guid(e2c4b4e779e05bb4bb462f43cf3bee3c) Importer(815301076,1909f56bfc062723c751e8b465ee728b)  -> (artifact id: '6e7f225d97a22ac57779f9f711961049') in 0.005579 seconds 
========================================================================
Received Import Request.
  Time since last request: 2.318635 seconds.
  path: Assets/prefab/ScreenObj/Battle/Battle.prefab
  artifactKey: Guid(e2c4b4e779e05bb4bb462f43cf3bee3c) Importer(815301076,1909f56bfc062723c751e8b465ee728b)
Start importing Assets/prefab/ScreenObj/Battle/Battle.prefab using Guid(e2c4b4e779e05bb4bb462f43cf3bee3c) Importer(815301076,1909f56bfc062723c751e8b465ee728b)  -> (artifact id: 'd1dba9c0a0b3e3091b25ac435d7ae7a9') in 0.006958 seconds 
========================================================================
Received Import Request.
  Time since last request: 7.463852 seconds.
  path: Assets/prefab/ScreenObj/Battle/Battle.prefab
  artifactKey: Guid(e2c4b4e779e05bb4bb462f43cf3bee3c) Importer(815301076,1909f56bfc062723c751e8b465ee728b)
Start importing Assets/prefab/ScreenObj/Battle/Battle.prefab using Guid(e2c4b4e779e05bb4bb462f43cf3bee3c) Importer(815301076,1909f56bfc062723c751e8b465ee728b)  -> (artifact id: 'bfb163a6fa5b3d3852ec8a35bcb1f977') in 0.007171 seconds 
========================================================================
Received Import Request.
  Time since last request: 48.182598 seconds.
  path: Assets/prefab/ScreenObj/Battle/Battle.prefab
  artifactKey: Guid(e2c4b4e779e05bb4bb462f43cf3bee3c) Importer(815301076,1909f56bfc062723c751e8b465ee728b)
Start importing Assets/prefab/ScreenObj/Battle/Battle.prefab using Guid(e2c4b4e779e05bb4bb462f43cf3bee3c) Importer(815301076,1909f56bfc062723c751e8b465ee728b)  -> (artifact id: '843c0e108094d916976ae53d756090f3') in 0.005956 seconds 
========================================================================
Received Import Request.
  Time since last request: 5.537878 seconds.
  path: Assets/prefab/ScreenObj/Battle/Battle.prefab
  artifactKey: Guid(e2c4b4e779e05bb4bb462f43cf3bee3c) Importer(815301076,1909f56bfc062723c751e8b465ee728b)
Start importing Assets/prefab/ScreenObj/Battle/Battle.prefab using Guid(e2c4b4e779e05bb4bb462f43cf3bee3c) Importer(815301076,1909f56bfc062723c751e8b465ee728b)  -> (artifact id: 'cf683da9b450c3bdeb7eecd82532c383') in 0.006277 seconds 
========================================================================
Received Import Request.
  Time since last request: 3.411821 seconds.
  path: Assets/prefab/ScreenObj/Battle/Battle.prefab
  artifactKey: Guid(e2c4b4e779e05bb4bb462f43cf3bee3c) Importer(815301076,1909f56bfc062723c751e8b465ee728b)
Start importing Assets/prefab/ScreenObj/Battle/Battle.prefab using Guid(e2c4b4e779e05bb4bb462f43cf3bee3c) Importer(815301076,1909f56bfc062723c751e8b465ee728b)  -> (artifact id: '24ec3d60c8794f47efa9a602d362bda3') in 0.005451 seconds 
========================================================================
Received Import Request.
  Time since last request: 3.698274 seconds.
  path: Assets/prefab/ScreenObj/Battle/Battle.prefab
  artifactKey: Guid(e2c4b4e779e05bb4bb462f43cf3bee3c) Importer(815301076,1909f56bfc062723c751e8b465ee728b)
Start importing Assets/prefab/ScreenObj/Battle/Battle.prefab using Guid(e2c4b4e779e05bb4bb462f43cf3bee3c) Importer(815301076,1909f56bfc062723c751e8b465ee728b)  -> (artifact id: '486564920a31d0e9fc029837bc1fb829') in 0.006246 seconds 
========================================================================
Received Import Request.
  Time since last request: 14.417004 seconds.
  path: Assets/prefab/ScreenObj/Battle/Battle.prefab
  artifactKey: Guid(e2c4b4e779e05bb4bb462f43cf3bee3c) Importer(815301076,1909f56bfc062723c751e8b465ee728b)
Start importing Assets/prefab/ScreenObj/Battle/Battle.prefab using Guid(e2c4b4e779e05bb4bb462f43cf3bee3c) Importer(815301076,1909f56bfc062723c751e8b465ee728b)  -> (artifact id: '8cf9e65a8c32913b237ec66688eb3f44') in 0.008624 seconds 
========================================================================
Received Import Request.
  Time since last request: 12.770374 seconds.
  path: Assets/prefab/ScreenObj/RoteMap/RouteMap.prefab
  artifactKey: Guid(cf03ebe9f1b78f84aa3edbe6a04022c5) Importer(815301076,1909f56bfc062723c751e8b465ee728b)
Start importing Assets/prefab/ScreenObj/RoteMap/RouteMap.prefab using Guid(cf03ebe9f1b78f84aa3edbe6a04022c5) Importer(815301076,1909f56bfc062723c751e8b465ee728b)  -> (artifact id: '10751fcf1d6820dada30c4ae2587d952') in 0.036237 seconds 
========================================================================
Received Import Request.
  Time since last request: 261.396693 seconds.
  path: Assets/prefab/ScreenObj/Battle/Battle.prefab
  artifactKey: Guid(e2c4b4e779e05bb4bb462f43cf3bee3c) Importer(815301076,1909f56bfc062723c751e8b465ee728b)
Start importing Assets/prefab/ScreenObj/Battle/Battle.prefab using Guid(e2c4b4e779e05bb4bb462f43cf3bee3c) Importer(815301076,1909f56bfc062723c751e8b465ee728b)  -> (artifact id: 'd4c9e72723a08dc79b0c1682e7f0b289') in 0.007140 seconds 
========================================================================
Received Import Request.
  Time since last request: 5.019312 seconds.
  path: Assets/prefab/ScreenObj/Battle/Battle.prefab
  artifactKey: Guid(e2c4b4e779e05bb4bb462f43cf3bee3c) Importer(815301076,1909f56bfc062723c751e8b465ee728b)
Start importing Assets/prefab/ScreenObj/Battle/Battle.prefab using Guid(e2c4b4e779e05bb4bb462f43cf3bee3c) Importer(815301076,1909f56bfc062723c751e8b465ee728b)  -> (artifact id: 'e4f2ca269f9d6b32b9731169ae77d846') in 0.005907 seconds 
========================================================================
Received Import Request.
  Time since last request: 47.836688 seconds.
  path: Assets/prefab/ScreenObj/Battle/Battle.prefab
  artifactKey: Guid(e2c4b4e779e05bb4bb462f43cf3bee3c) Importer(815301076,1909f56bfc062723c751e8b465ee728b)
Start importing Assets/prefab/ScreenObj/Battle/Battle.prefab using Guid(e2c4b4e779e05bb4bb462f43cf3bee3c) Importer(815301076,1909f56bfc062723c751e8b465ee728b)  -> (artifact id: '00278e4fa9c20bb5bab9c79f0efa81a5') in 0.007526 seconds 
========================================================================
Received Import Request.
  Time since last request: 3.616166 seconds.
  path: Assets/prefab/ScreenObj/Battle/Battle.prefab
  artifactKey: Guid(e2c4b4e779e05bb4bb462f43cf3bee3c) Importer(815301076,1909f56bfc062723c751e8b465ee728b)
Start importing Assets/prefab/ScreenObj/Battle/Battle.prefab using Guid(e2c4b4e779e05bb4bb462f43cf3bee3c) Importer(815301076,1909f56bfc062723c751e8b465ee728b)  -> (artifact id: 'e7697173b87486f60b2cc0ad11ec41cb') in 0.007635 seconds 
========================================================================
Received Import Request.
  Time since last request: 4.632919 seconds.
  path: Assets/prefab/ScreenObj/Battle/Battle.prefab
  artifactKey: Guid(e2c4b4e779e05bb4bb462f43cf3bee3c) Importer(815301076,1909f56bfc062723c751e8b465ee728b)
Start importing Assets/prefab/ScreenObj/Battle/Battle.prefab using Guid(e2c4b4e779e05bb4bb462f43cf3bee3c) Importer(815301076,1909f56bfc062723c751e8b465ee728b)  -> (artifact id: '744dc589599a8ecacd83ccc7ffc9f071') in 0.006148 seconds 
========================================================================
Received Import Request.
  Time since last request: 8.868646 seconds.
  path: Assets/prefab/ScreenObj/Battle/Battle.prefab
  artifactKey: Guid(e2c4b4e779e05bb4bb462f43cf3bee3c) Importer(815301076,1909f56bfc062723c751e8b465ee728b)
Start importing Assets/prefab/ScreenObj/Battle/Battle.prefab using Guid(e2c4b4e779e05bb4bb462f43cf3bee3c) Importer(815301076,1909f56bfc062723c751e8b465ee728b)  -> (artifact id: '19daac2146ec4e5ddec1b7b5e7acfa84') in 0.006880 seconds 
========================================================================
Received Import Request.
  Time since last request: 1.614952 seconds.
  path: Assets/prefab/ScreenObj/Battle/Battle.prefab
  artifactKey: Guid(e2c4b4e779e05bb4bb462f43cf3bee3c) Importer(815301076,1909f56bfc062723c751e8b465ee728b)
Start importing Assets/prefab/ScreenObj/Battle/Battle.prefab using Guid(e2c4b4e779e05bb4bb462f43cf3bee3c) Importer(815301076,1909f56bfc062723c751e8b465ee728b)  -> (artifact id: 'e98b9d3b6a3fed71ff03e0c7ce2d717d') in 0.006494 seconds 
========================================================================
Received Import Request.
  Time since last request: 82.301806 seconds.
  path: Assets/prefab/ScreenObj/Battle/Battle.prefab
  artifactKey: Guid(e2c4b4e779e05bb4bb462f43cf3bee3c) Importer(815301076,1909f56bfc062723c751e8b465ee728b)
Start importing Assets/prefab/ScreenObj/Battle/Battle.prefab using Guid(e2c4b4e779e05bb4bb462f43cf3bee3c) Importer(815301076,1909f56bfc062723c751e8b465ee728b)  -> (artifact id: 'f471e9f668a401ce19cbe8c24f2d1960') in 0.007603 seconds 
