Using pre-set license
Built from '2021.3/staging' branch; Version is '2021.3.10f1 (1c7d0df0160b) revision 1867021'; Using compiler version '192829333'; Build Type 'Release'
OS: 'Windows 10  (10.0.19044) 64bit Core' Language: 'ja' Physical Memory: 16287 MB
BatchMode: 1, IsHumanControllingUs: 0, StartBugReporterOnCrash: 0, Is64bit: 1, IsPro: 1

COMMAND LINE ARGUMENTS:
C:\Program Files\Unity 2021.3.10f1\Editor\Unity.exe
-adb2
-batchMode
-noUpm
-name
AssetImportWorker0
-projectPath
C:/Users/hikar/OneDrive/デスクトップ/asd/My project
-logFile
Logs/AssetImportWorker0.log
-srvPort
61430
Successfully changed project path to: C:/Users/hikar/OneDrive/デスクトップ/asd/My project
C:/Users/hikar/OneDrive/デスクトップ/asd/My project
[UnityMemory] Configuration Parameters - Can be set up in boot.config
    "memorysetup-bucket-allocator-granularity=16"
    "memorysetup-bucket-allocator-bucket-count=8"
    "memorysetup-bucket-allocator-block-size=33554432"
    "memorysetup-bucket-allocator-block-count=8"
    "memorysetup-main-allocator-block-size=16777216"
    "memorysetup-thread-allocator-block-size=16777216"
    "memorysetup-gfx-main-allocator-block-size=16777216"
    "memorysetup-gfx-thread-allocator-block-size=16777216"
    "memorysetup-cache-allocator-block-size=4194304"
    "memorysetup-typetree-allocator-block-size=2097152"
    "memorysetup-profiler-bucket-allocator-granularity=16"
    "memorysetup-profiler-bucket-allocator-bucket-count=8"
    "memorysetup-profiler-bucket-allocator-block-size=33554432"
    "memorysetup-profiler-bucket-allocator-block-count=8"
    "memorysetup-profiler-allocator-block-size=16777216"
    "memorysetup-profiler-editor-allocator-block-size=1048576"
    "memorysetup-temp-allocator-size-main=16777216"
    "memorysetup-job-temp-allocator-block-size=2097152"
    "memorysetup-job-temp-allocator-block-size-background=1048576"
    "memorysetup-job-temp-allocator-reduction-small-platforms=262144"
    "memorysetup-temp-allocator-size-background-worker=32768"
    "memorysetup-temp-allocator-size-job-worker=262144"
    "memorysetup-temp-allocator-size-preload-manager=33554432"
    "memorysetup-temp-allocator-size-nav-mesh-worker=65536"
    "memorysetup-temp-allocator-size-audio-worker=65536"
    "memorysetup-temp-allocator-size-cloud-worker=32768"
    "memorysetup-temp-allocator-size-gi-baking-worker=262144"
    "memorysetup-temp-allocator-size-gfx=262144"
Refreshing native plugins compatible for Editor in 93.85 ms, found 3 plugins.
Preloading 0 native plugins for Editor in 0.00 ms.
Initialize engine version: 2021.3.10f1 (1c7d0df0160b)
[Subsystems] Discovering subsystems at path C:/Program Files/Unity 2021.3.10f1/Editor/Data/Resources/UnitySubsystems
[Subsystems] Discovering subsystems at path C:/Users/hikar/OneDrive/デスクトップ/asd/My project/Assets
GfxDevice: creating device client; threaded=0; jobified=0
Direct3D:
    Version:  Direct3D 11.0 [level 11.1]
    Renderer: NVIDIA GeForce RTX 3060 (ID=0x2503)
    Vendor:   NVIDIA
    VRAM:     12129 MB
    Driver:   31.0.15.2756
Initialize mono
Mono path[0] = 'C:/Program Files/Unity 2021.3.10f1/Editor/Data/Managed'
Mono path[1] = 'C:/Program Files/Unity 2021.3.10f1/Editor/Data/MonoBleedingEdge/lib/mono/unityjit-win32'
Mono config path = 'C:/Program Files/Unity 2021.3.10f1/Editor/Data/MonoBleedingEdge/etc'
Using monoOptions --debugger-agent=transport=dt_socket,embedding=1,server=y,suspend=n,address=127.0.0.1:56968
Begin MonoManager ReloadAssembly
Registering precompiled unity dll's ...
Register platform support module: C:/Program Files/Unity 2021.3.10f1/Editor/Data/PlaybackEngines/WebGLSupport/UnityEditor.WebGL.Extensions.dll
Register platform support module: C:/Program Files/Unity 2021.3.10f1/Editor/Data/PlaybackEngines/AndroidPlayer/UnityEditor.Android.Extensions.dll
Register platform support module: C:/Program Files/Unity 2021.3.10f1/Editor/Data/PlaybackEngines/iOSSupport/UnityEditor.iOS.Extensions.dll
Register platform support module: C:/Program Files/Unity 2021.3.10f1/Editor/Data/PlaybackEngines/AppleTVSupport/UnityEditor.AppleTV.Extensions.dll
Register platform support module: C:/Program Files/Unity 2021.3.10f1/Editor/Data/PlaybackEngines/WindowsStandaloneSupport/UnityEditor.WindowsStandalone.Extensions.dll
Register platform support module: C:/Program Files/Unity 2021.3.10f1/Editor/Data/PlaybackEngines/LinuxStandaloneSupport/UnityEditor.LinuxStandalone.Extensions.dll
Register platform support module: C:/Program Files/Unity 2021.3.10f1/Editor/Data/PlaybackEngines/MetroSupport/UnityEditor.UWP.Extensions.dll
Registered in 0.010462 seconds.
Native extension for UWP target not found
Native extension for LinuxStandalone target not found
Native extension for WindowsStandalone target not found
[usbmuxd] Start listen thread
[usbmuxd] Listen thread started
Native extension for AppleTV target not found
[usbmuxd] Start listen thread
[usbmuxd] Listen thread started
Native extension for iOS target not found
Native extension for Android target not found
Native extension for WebGL target not found
Refreshing native plugins compatible for Editor in 89.25 ms, found 3 plugins.
Preloading 0 native plugins for Editor in 0.00 ms.
Mono: successfully reloaded assembly
- Completed reload, in  0.733 seconds
Domain Reload Profiling:
	ReloadAssembly (733ms)
		BeginReloadAssembly (83ms)
			ExecutionOrderSort (0ms)
			DisableScriptedObjects (0ms)
			BackupInstance (0ms)
			ReleaseScriptingObjects (0ms)
			CreateAndSetChildDomain (1ms)
		EndReloadAssembly (531ms)
			LoadAssemblies (82ms)
			RebuildTransferFunctionScriptingTraits (0ms)
			SetupTypeCache (120ms)
			ReleaseScriptCaches (0ms)
			RebuildScriptCaches (31ms)
			SetupLoadedEditorAssemblies (322ms)
				LogAssemblyErrors (0ms)
				InitializePlatformSupportModulesInManaged (65ms)
				SetLoadedEditorAssemblies (1ms)
				RefreshPlugins (89ms)
				BeforeProcessingInitializeOnLoad (1ms)
				ProcessInitializeOnLoadAttributes (105ms)
				ProcessInitializeOnLoadMethodAttributes (60ms)
				AfterProcessingInitializeOnLoad (0ms)
				EditorAssembliesLoaded (0ms)
			ExecutionOrderSort2 (0ms)
			AwakeInstancesAfterBackupRestoration (0ms)
Platform modules already initialized, skipping
Registering precompiled user dll's ...
Registered in 0.008253 seconds.
Begin MonoManager ReloadAssembly
Symbol file LoadedFromMemory doesn't match image C:\Users\hikar\OneDrive\デスクトップ\asd\My project\Library\PackageCache\com.unity.visualscripting@1.7.8\Editor\VisualScripting.Core\Dependencies\YamlDotNet\Unity.VisualScripting.YamlDotNet.dll
Symbol file LoadedFromMemory doesn't match image C:\Users\hikar\OneDrive\デスクトップ\asd\My project\Library\PackageCache\com.unity.visualscripting@1.7.8\Editor\VisualScripting.Core\Dependencies\DotNetZip\Unity.VisualScripting.IonicZip.dll
Native extension for UWP target not found
Native extension for LinuxStandalone target not found
Native extension for WindowsStandalone target not found
Native extension for AppleTV target not found
Native extension for iOS target not found
Native extension for Android target not found
Native extension for WebGL target not found
Refreshing native plugins compatible for Editor in 1.24 ms, found 3 plugins.
Preloading 0 native plugins for Editor in 0.00 ms.
Mono: successfully reloaded assembly
- Completed reload, in  1.267 seconds
Domain Reload Profiling:
	ReloadAssembly (1268ms)
		BeginReloadAssembly (121ms)
			ExecutionOrderSort (0ms)
			DisableScriptedObjects (6ms)
			BackupInstance (0ms)
			ReleaseScriptingObjects (0ms)
			CreateAndSetChildDomain (20ms)
		EndReloadAssembly (1018ms)
			LoadAssemblies (102ms)
			RebuildTransferFunctionScriptingTraits (0ms)
			SetupTypeCache (361ms)
			ReleaseScriptCaches (1ms)
			RebuildScriptCaches (58ms)
			SetupLoadedEditorAssemblies (434ms)
				LogAssemblyErrors (0ms)
				InitializePlatformSupportModulesInManaged (44ms)
				SetLoadedEditorAssemblies (1ms)
				RefreshPlugins (1ms)
				BeforeProcessingInitializeOnLoad (107ms)
				ProcessInitializeOnLoadAttributes (240ms)
				ProcessInitializeOnLoadMethodAttributes (32ms)
				AfterProcessingInitializeOnLoad (8ms)
				EditorAssembliesLoaded (0ms)
			ExecutionOrderSort2 (0ms)
			AwakeInstancesAfterBackupRestoration (5ms)
Platform modules already initialized, skipping
========================================================================
Worker process is ready to serve import requests
Launched and connected shader compiler UnityShaderCompiler.exe after 0.05 seconds
Refreshing native plugins compatible for Editor in 0.85 ms, found 3 plugins.
Preloading 0 native plugins for Editor in 0.00 ms.
Unloading 3827 Unused Serialized files (Serialized files now loaded: 0)
Unloading 26 unused Assets / (95.6 KB). Loaded Objects now: 4290.
Memory consumption went from 138.0 MB to 137.9 MB.
Total: 4.875700 ms (FindLiveObjects: 0.603100 ms CreateObjectMapping: 0.568500 ms MarkObjects: 3.579300 ms  DeleteObjects: 0.123500 ms)

AssetImportParameters requested are different than current active one (requested -> active):
  custom:video-decoder-ogg-theora: a1e56fd34408186e4bbccfd4996cb3dc -> 
  custom:container-muxer-webm: aa71ff27fc2769a1b78a27578f13a17b -> 
  custom:container-demuxer-webm: 4f35f7cbe854078d1ac9338744f61a02 -> 
  custom:video-encoder-webm-vp8: eb34c28f22e8b96e1ab97ce403110664 -> 
  custom:audio-encoder-webm-vorbis: bf7c407c2cedff20999df2af8eb42d56 -> 
  custom:framework-win-MediaFoundation: 216162199b28c13a410421893ffa2e32 -> 
  custom:container-demuxer-ogg: 62fdf1f143b41e24485cea50d1cbac27 -> 
  custom:video-decoder-webm-vp8: 9c59270c3fd7afecdb556c50c9e8de78 -> 
  custom:audio-decoder-ogg-vorbis: bf7c407c2cedff20999df2af8eb42d56 -> 
========================================================================
Received Import Request.
  Time since last request: 1814954.267403 seconds.
  path: Assets/prefab/ScreenObj/RouteMap.prefab
  artifactKey: Guid(cf03ebe9f1b78f84aa3edbe6a04022c5) Importer(815301076,1909f56bfc062723c751e8b465ee728b)
Start importing Assets/prefab/ScreenObj/RouteMap.prefab using Guid(cf03ebe9f1b78f84aa3edbe6a04022c5) Importer(815301076,1909f56bfc062723c751e8b465ee728b)  -> (artifact id: 'e2d80aa642260aba14b697c3ab48be4b') in 0.057954 seconds 
========================================================================
Received Import Request.
  Time since last request: 1.522242 seconds.
  path: Assets/prefab/ScreenObj/RouteMap.prefab
  artifactKey: Guid(cf03ebe9f1b78f84aa3edbe6a04022c5) Importer(815301076,1909f56bfc062723c751e8b465ee728b)
Start importing Assets/prefab/ScreenObj/RouteMap.prefab using Guid(cf03ebe9f1b78f84aa3edbe6a04022c5) Importer(815301076,1909f56bfc062723c751e8b465ee728b)  -> (artifact id: 'c402dd7435471ee507f703ceed5ea86f') in 0.005646 seconds 
========================================================================
Received Import Request.
  Time since last request: 18.349771 seconds.
  path: Assets/prefab/ScreenObj/RouteMap.prefab
  artifactKey: Guid(cf03ebe9f1b78f84aa3edbe6a04022c5) Importer(815301076,1909f56bfc062723c751e8b465ee728b)
Start importing Assets/prefab/ScreenObj/RouteMap.prefab using Guid(cf03ebe9f1b78f84aa3edbe6a04022c5) Importer(815301076,1909f56bfc062723c751e8b465ee728b)  -> (artifact id: '936b01b9a5628fc766dcdb60d9a6a624') in 0.005798 seconds 
========================================================================
Received Import Request.
  Time since last request: 2.403113 seconds.
  path: Assets/prefab/ScreenObj/RouteMap.prefab
  artifactKey: Guid(cf03ebe9f1b78f84aa3edbe6a04022c5) Importer(815301076,1909f56bfc062723c751e8b465ee728b)
Start importing Assets/prefab/ScreenObj/RouteMap.prefab using Guid(cf03ebe9f1b78f84aa3edbe6a04022c5) Importer(815301076,1909f56bfc062723c751e8b465ee728b)  -> (artifact id: 'b8a3b3b9a618e1c38c57745feecd511c') in 0.005484 seconds 
========================================================================
Received Import Request.
  Time since last request: 2.934583 seconds.
  path: Assets/prefab/ScreenObj/RouteMap.prefab
  artifactKey: Guid(cf03ebe9f1b78f84aa3edbe6a04022c5) Importer(815301076,1909f56bfc062723c751e8b465ee728b)
Start importing Assets/prefab/ScreenObj/RouteMap.prefab using Guid(cf03ebe9f1b78f84aa3edbe6a04022c5) Importer(815301076,1909f56bfc062723c751e8b465ee728b)  -> (artifact id: '1ab01330b322d5f501c468c28c97c333') in 0.005758 seconds 
========================================================================
Received Import Request.
  Time since last request: 1.485825 seconds.
  path: Assets/prefab/ScreenObj/RouteMap.prefab
  artifactKey: Guid(cf03ebe9f1b78f84aa3edbe6a04022c5) Importer(815301076,1909f56bfc062723c751e8b465ee728b)
Start importing Assets/prefab/ScreenObj/RouteMap.prefab using Guid(cf03ebe9f1b78f84aa3edbe6a04022c5) Importer(815301076,1909f56bfc062723c751e8b465ee728b)  -> (artifact id: '731702e75731b30b25bee47d4124ba3c') in 0.006267 seconds 
========================================================================
Received Import Request.
  Time since last request: 4.138977 seconds.
  path: Assets/prefab/ScreenObj/RouteMap.prefab
  artifactKey: Guid(cf03ebe9f1b78f84aa3edbe6a04022c5) Importer(815301076,1909f56bfc062723c751e8b465ee728b)
Start importing Assets/prefab/ScreenObj/RouteMap.prefab using Guid(cf03ebe9f1b78f84aa3edbe6a04022c5) Importer(815301076,1909f56bfc062723c751e8b465ee728b)  -> (artifact id: '2255cbb1674b41abdceb504878fba20f') in 0.005258 seconds 
========================================================================
Received Import Request.
  Time since last request: 1.207653 seconds.
  path: Assets/prefab/ScreenObj/RouteMap.prefab
  artifactKey: Guid(cf03ebe9f1b78f84aa3edbe6a04022c5) Importer(815301076,1909f56bfc062723c751e8b465ee728b)
Start importing Assets/prefab/ScreenObj/RouteMap.prefab using Guid(cf03ebe9f1b78f84aa3edbe6a04022c5) Importer(815301076,1909f56bfc062723c751e8b465ee728b)  -> (artifact id: 'a96a7ca9596254d0b397305101784c3f') in 0.005436 seconds 
========================================================================
Received Import Request.
  Time since last request: 3.203981 seconds.
  path: Assets/prefab/ScreenObj/RouteMap.prefab
  artifactKey: Guid(cf03ebe9f1b78f84aa3edbe6a04022c5) Importer(815301076,1909f56bfc062723c751e8b465ee728b)
Start importing Assets/prefab/ScreenObj/RouteMap.prefab using Guid(cf03ebe9f1b78f84aa3edbe6a04022c5) Importer(815301076,1909f56bfc062723c751e8b465ee728b)  -> (artifact id: '5feb6d5c28d1eb8ed87736e1df6e7876') in 0.005656 seconds 
========================================================================
Received Import Request.
  Time since last request: 2.007948 seconds.
  path: Assets/prefab/ScreenObj/RouteMap.prefab
  artifactKey: Guid(cf03ebe9f1b78f84aa3edbe6a04022c5) Importer(815301076,1909f56bfc062723c751e8b465ee728b)
Start importing Assets/prefab/ScreenObj/RouteMap.prefab using Guid(cf03ebe9f1b78f84aa3edbe6a04022c5) Importer(815301076,1909f56bfc062723c751e8b465ee728b)  -> (artifact id: '329e1ecd76877d6e59aecb29f55c42f4') in 0.005343 seconds 
========================================================================
Received Import Request.
  Time since last request: 7.067457 seconds.
  path: Assets/prefab/ScreenObj/RouteMap.prefab
  artifactKey: Guid(cf03ebe9f1b78f84aa3edbe6a04022c5) Importer(815301076,1909f56bfc062723c751e8b465ee728b)
Start importing Assets/prefab/ScreenObj/RouteMap.prefab using Guid(cf03ebe9f1b78f84aa3edbe6a04022c5) Importer(815301076,1909f56bfc062723c751e8b465ee728b)  -> (artifact id: 'f2114af7831991b97f944d9bc8e1f29d') in 0.005878 seconds 
========================================================================
Received Import Request.
  Time since last request: 5.215464 seconds.
  path: Assets/prefab/ScreenObj/RouteMap.prefab
  artifactKey: Guid(cf03ebe9f1b78f84aa3edbe6a04022c5) Importer(815301076,1909f56bfc062723c751e8b465ee728b)
Start importing Assets/prefab/ScreenObj/RouteMap.prefab using Guid(cf03ebe9f1b78f84aa3edbe6a04022c5) Importer(815301076,1909f56bfc062723c751e8b465ee728b)  -> (artifact id: 'c5eeaf18e44f364b18323bda00c1d375') in 0.006393 seconds 
========================================================================
Received Import Request.
  Time since last request: 87.048209 seconds.
  path: Assets/prefab/ScreenObj/RouteMap.prefab
  artifactKey: Guid(cf03ebe9f1b78f84aa3edbe6a04022c5) Importer(815301076,1909f56bfc062723c751e8b465ee728b)
Start importing Assets/prefab/ScreenObj/RouteMap.prefab using Guid(cf03ebe9f1b78f84aa3edbe6a04022c5) Importer(815301076,1909f56bfc062723c751e8b465ee728b)  -> (artifact id: 'f93854323fe26a23e8f47c2307735556') in 0.008800 seconds 
========================================================================
Received Import Request.
  Time since last request: 7.714442 seconds.
  path: Assets/prefab
  artifactKey: Guid(e7c7fac5838adaa40a61be0fc94bdfff) Importer(815301076,1909f56bfc062723c751e8b465ee728b)
Start importing Assets/prefab using Guid(e7c7fac5838adaa40a61be0fc94bdfff) Importer(815301076,1909f56bfc062723c751e8b465ee728b)  -> (artifact id: 'bff4483a355ea41be37b8f5cff5febd4') in 0.007112 seconds 
========================================================================
Received Import Request.
  Time since last request: 19.450920 seconds.
  path: Assets/prefab/ScreenObj/RoteMap
  artifactKey: Guid(22c81270e6f577e459db4534749c086e) Importer(815301076,1909f56bfc062723c751e8b465ee728b)
Start importing Assets/prefab/ScreenObj/RoteMap using Guid(22c81270e6f577e459db4534749c086e) Importer(815301076,1909f56bfc062723c751e8b465ee728b)  -> (artifact id: '47eec41cc530cc98e6ea4b67e60ae15d') in 0.007702 seconds 
========================================================================
Received Import Request.
  Time since last request: 19.322338 seconds.
  path: Assets/prefab/ScreenObj/RoteMap/Par
  artifactKey: Guid(fd1585f92f6b16f4784b727910c12b64) Importer(815301076,1909f56bfc062723c751e8b465ee728b)
Start importing Assets/prefab/ScreenObj/RoteMap/Par using Guid(fd1585f92f6b16f4784b727910c12b64) Importer(815301076,1909f56bfc062723c751e8b465ee728b)  -> (artifact id: '9e6155bbb1a80847bc121d15daac3cab') in 0.007034 seconds 
========================================================================
Received Import Request.
  Time since last request: 141.210582 seconds.
  path: Assets/prefab/ScreenObj/RoteMap/Parts
  artifactKey: Guid(fd1585f92f6b16f4784b727910c12b64) Importer(815301076,1909f56bfc062723c751e8b465ee728b)
Start importing Assets/prefab/ScreenObj/RoteMap/Parts using Guid(fd1585f92f6b16f4784b727910c12b64) Importer(815301076,1909f56bfc062723c751e8b465ee728b)  -> (artifact id: '2fb0cb5543fbb447d747a0f66697a259') in 0.007197 seconds 
========================================================================
Received Import Request.
  Time since last request: 111.022724 seconds.
  path: Assets/prefab/ScreenObj/RoteMap/Parts/MapPlayer.prefab
  artifactKey: Guid(090b0dcfc2666b84f85a2ca721945221) Importer(815301076,1909f56bfc062723c751e8b465ee728b)
Start importing Assets/prefab/ScreenObj/RoteMap/Parts/MapPlayer.prefab using Guid(090b0dcfc2666b84f85a2ca721945221) Importer(815301076,1909f56bfc062723c751e8b465ee728b)  -> (artifact id: 'dbb1f52cb2f510306eb4104f839a4693') in 0.011684 seconds 
========================================================================
Received Import Request.
  Time since last request: 11.618789 seconds.
  path: Assets/prefab/ScreenObj/RoteMap/Parts/MapPlayer.prefab
  artifactKey: Guid(090b0dcfc2666b84f85a2ca721945221) Importer(815301076,1909f56bfc062723c751e8b465ee728b)
Start importing Assets/prefab/ScreenObj/RoteMap/Parts/MapPlayer.prefab using Guid(090b0dcfc2666b84f85a2ca721945221) Importer(815301076,1909f56bfc062723c751e8b465ee728b)  -> (artifact id: 'eb7ae645dc3ef6be2a90f50331a87ec3') in 0.174947 seconds 
========================================================================
Received Import Request.
  Time since last request: 12.021844 seconds.
  path: Assets/prefab/ScreenObj/RoteMap/Parts/MapPlayer.prefab
  artifactKey: Guid(090b0dcfc2666b84f85a2ca721945221) Importer(815301076,1909f56bfc062723c751e8b465ee728b)
Start importing Assets/prefab/ScreenObj/RoteMap/Parts/MapPlayer.prefab using Guid(090b0dcfc2666b84f85a2ca721945221) Importer(815301076,1909f56bfc062723c751e8b465ee728b)  -> (artifact id: '8ae62a5316f311a1b6f6c8564a110c1a') in 0.024567 seconds 
========================================================================
Received Import Request.
  Time since last request: 10.223378 seconds.
  path: Assets/prefab/ScreenObj/RoteMap/Parts/MapPlayer.prefab
  artifactKey: Guid(090b0dcfc2666b84f85a2ca721945221) Importer(815301076,1909f56bfc062723c751e8b465ee728b)
Start importing Assets/prefab/ScreenObj/RoteMap/Parts/MapPlayer.prefab using Guid(090b0dcfc2666b84f85a2ca721945221) Importer(815301076,1909f56bfc062723c751e8b465ee728b)  -> (artifact id: '60493318be5ec9974ad68104fba8e2dd') in 0.010885 seconds 
========================================================================
Received Import Request.
  Time since last request: 12.517946 seconds.
  path: Assets/prefab/ScreenObj/RoteMap/Parts/MapPlayer.prefab
  artifactKey: Guid(090b0dcfc2666b84f85a2ca721945221) Importer(815301076,1909f56bfc062723c751e8b465ee728b)
Start importing Assets/prefab/ScreenObj/RoteMap/Parts/MapPlayer.prefab using Guid(090b0dcfc2666b84f85a2ca721945221) Importer(815301076,1909f56bfc062723c751e8b465ee728b)  -> (artifact id: '6f6c258ffd6e4f52f952c90100c8a3d5') in 0.009089 seconds 
========================================================================
Received Import Request.
  Time since last request: 4.258026 seconds.
  path: Assets/prefab/ScreenObj/RoteMap/Parts/MapPlayer.prefab
  artifactKey: Guid(090b0dcfc2666b84f85a2ca721945221) Importer(815301076,1909f56bfc062723c751e8b465ee728b)
Start importing Assets/prefab/ScreenObj/RoteMap/Parts/MapPlayer.prefab using Guid(090b0dcfc2666b84f85a2ca721945221) Importer(815301076,1909f56bfc062723c751e8b465ee728b)  -> (artifact id: '2fe5f1efb818076f06fd8fa11368ad60') in 0.011198 seconds 
========================================================================
Received Import Request.
  Time since last request: 3.616680 seconds.
  path: Assets/prefab/ScreenObj/RoteMap/Parts/MapPlayer.prefab
  artifactKey: Guid(090b0dcfc2666b84f85a2ca721945221) Importer(815301076,1909f56bfc062723c751e8b465ee728b)
Start importing Assets/prefab/ScreenObj/RoteMap/Parts/MapPlayer.prefab using Guid(090b0dcfc2666b84f85a2ca721945221) Importer(815301076,1909f56bfc062723c751e8b465ee728b)  -> (artifact id: 'b2141ff2439d1e2dab774ecc8abafc4a') in 0.016654 seconds 
========================================================================
Received Import Request.
  Time since last request: 5.839064 seconds.
  path: Assets/prefab/ScreenObj/RoteMap/Parts/MapPlayer.prefab
  artifactKey: Guid(090b0dcfc2666b84f85a2ca721945221) Importer(815301076,1909f56bfc062723c751e8b465ee728b)
Start importing Assets/prefab/ScreenObj/RoteMap/Parts/MapPlayer.prefab using Guid(090b0dcfc2666b84f85a2ca721945221) Importer(815301076,1909f56bfc062723c751e8b465ee728b)  -> (artifact id: 'f46ef1032a48f142f9500cfe72697312') in 0.008498 seconds 
========================================================================
Received Import Request.
  Time since last request: 11.910227 seconds.
  path: Assets/prefab/ScreenObj/RoteMap/Parts/MapPlayer.prefab
  artifactKey: Guid(090b0dcfc2666b84f85a2ca721945221) Importer(815301076,1909f56bfc062723c751e8b465ee728b)
Start importing Assets/prefab/ScreenObj/RoteMap/Parts/MapPlayer.prefab using Guid(090b0dcfc2666b84f85a2ca721945221) Importer(815301076,1909f56bfc062723c751e8b465ee728b)  -> (artifact id: '40186efa1f51cabb573d4eee2d3a4198') in 0.016556 seconds 
========================================================================
Received Import Request.
  Time since last request: 2.074727 seconds.
  path: Assets/prefab/ScreenObj/RoteMap/Parts/MapPlayer.prefab
  artifactKey: Guid(090b0dcfc2666b84f85a2ca721945221) Importer(815301076,1909f56bfc062723c751e8b465ee728b)
Start importing Assets/prefab/ScreenObj/RoteMap/Parts/MapPlayer.prefab using Guid(090b0dcfc2666b84f85a2ca721945221) Importer(815301076,1909f56bfc062723c751e8b465ee728b)  -> (artifact id: '876d10d4337974909d12d1119d3fcb5c') in 0.010886 seconds 
========================================================================
Received Import Request.
  Time since last request: 5.906086 seconds.
  path: Assets/prefab/ScreenObj/RoteMap/Parts/MapPlayer.prefab
  artifactKey: Guid(090b0dcfc2666b84f85a2ca721945221) Importer(815301076,1909f56bfc062723c751e8b465ee728b)
Start importing Assets/prefab/ScreenObj/RoteMap/Parts/MapPlayer.prefab using Guid(090b0dcfc2666b84f85a2ca721945221) Importer(815301076,1909f56bfc062723c751e8b465ee728b)  -> (artifact id: 'bae4890e23d6850a07741587c60379c7') in 0.012279 seconds 
========================================================================
Received Import Request.
  Time since last request: 8.646655 seconds.
  path: Assets/prefab/ScreenObj/RoteMap/Parts/MapPlayer.prefab
  artifactKey: Guid(090b0dcfc2666b84f85a2ca721945221) Importer(815301076,1909f56bfc062723c751e8b465ee728b)
Start importing Assets/prefab/ScreenObj/RoteMap/Parts/MapPlayer.prefab using Guid(090b0dcfc2666b84f85a2ca721945221) Importer(815301076,1909f56bfc062723c751e8b465ee728b)  -> (artifact id: 'd4b8c394627274f9294391720e18748d') in 0.012740 seconds 
========================================================================
Received Import Request.
  Time since last request: 18.264815 seconds.
  path: Assets/prefab/ScreenObj/RoteMap/Parts/MapPlayer.prefab
  artifactKey: Guid(090b0dcfc2666b84f85a2ca721945221) Importer(815301076,1909f56bfc062723c751e8b465ee728b)
Start importing Assets/prefab/ScreenObj/RoteMap/Parts/MapPlayer.prefab using Guid(090b0dcfc2666b84f85a2ca721945221) Importer(815301076,1909f56bfc062723c751e8b465ee728b)  -> (artifact id: '369ac42b1a71ec9622189a6092bec528') in 0.012192 seconds 
========================================================================
Received Import Request.
  Time since last request: 3.672737 seconds.
  path: Assets/prefab/ScreenObj/RoteMap/Parts/MapPlayer.prefab
  artifactKey: Guid(090b0dcfc2666b84f85a2ca721945221) Importer(815301076,1909f56bfc062723c751e8b465ee728b)
Start importing Assets/prefab/ScreenObj/RoteMap/Parts/MapPlayer.prefab using Guid(090b0dcfc2666b84f85a2ca721945221) Importer(815301076,1909f56bfc062723c751e8b465ee728b)  -> (artifact id: '1031b57be95c09b3bdfe30924977a6a5') in 0.012759 seconds 
========================================================================
Received Import Request.
  Time since last request: 5.839266 seconds.
  path: Assets/prefab/ScreenObj/RoteMap/Parts/MapPlayer.prefab
  artifactKey: Guid(090b0dcfc2666b84f85a2ca721945221) Importer(815301076,1909f56bfc062723c751e8b465ee728b)
Start importing Assets/prefab/ScreenObj/RoteMap/Parts/MapPlayer.prefab using Guid(090b0dcfc2666b84f85a2ca721945221) Importer(815301076,1909f56bfc062723c751e8b465ee728b)  -> (artifact id: '82499518d87e671faddbc907a87c7d2d') in 0.012097 seconds 
========================================================================
Received Import Request.
  Time since last request: 3.822612 seconds.
  path: Assets/prefab/ScreenObj/RoteMap/Parts/MapPlayer.prefab
  artifactKey: Guid(090b0dcfc2666b84f85a2ca721945221) Importer(815301076,1909f56bfc062723c751e8b465ee728b)
Start importing Assets/prefab/ScreenObj/RoteMap/Parts/MapPlayer.prefab using Guid(090b0dcfc2666b84f85a2ca721945221) Importer(815301076,1909f56bfc062723c751e8b465ee728b)  -> (artifact id: 'ae100d7c69e221fd31ea1e9ec907597c') in 0.015434 seconds 
========================================================================
Received Import Request.
  Time since last request: 3.595264 seconds.
  path: Assets/prefab/ScreenObj/RoteMap/Parts/MapPlayer.prefab
  artifactKey: Guid(090b0dcfc2666b84f85a2ca721945221) Importer(815301076,1909f56bfc062723c751e8b465ee728b)
Start importing Assets/prefab/ScreenObj/RoteMap/Parts/MapPlayer.prefab using Guid(090b0dcfc2666b84f85a2ca721945221) Importer(815301076,1909f56bfc062723c751e8b465ee728b)  -> (artifact id: 'd12bb48257c988886b95d241412a6ff1') in 0.011559 seconds 
========================================================================
Received Import Request.
  Time since last request: 1.612602 seconds.
  path: Assets/prefab/ScreenObj/RoteMap/Parts/MapPlayer.prefab
  artifactKey: Guid(090b0dcfc2666b84f85a2ca721945221) Importer(815301076,1909f56bfc062723c751e8b465ee728b)
Start importing Assets/prefab/ScreenObj/RoteMap/Parts/MapPlayer.prefab using Guid(090b0dcfc2666b84f85a2ca721945221) Importer(815301076,1909f56bfc062723c751e8b465ee728b)  -> (artifact id: '76fb41c72717f60e68ad7f18f9e1425b') in 0.017016 seconds 
========================================================================
Received Import Request.
  Time since last request: 1.175773 seconds.
  path: Assets/prefab/ScreenObj/RoteMap/Parts/MapPlayer.prefab
  artifactKey: Guid(090b0dcfc2666b84f85a2ca721945221) Importer(815301076,1909f56bfc062723c751e8b465ee728b)
Start importing Assets/prefab/ScreenObj/RoteMap/Parts/MapPlayer.prefab using Guid(090b0dcfc2666b84f85a2ca721945221) Importer(815301076,1909f56bfc062723c751e8b465ee728b)  -> (artifact id: '688526a0633887d19c57684396bd5d2d') in 0.015391 seconds 
========================================================================
Received Import Request.
  Time since last request: 8.034986 seconds.
  path: Assets/prefab/ScreenObj/RoteMap/Parts/MapPlayer.prefab
  artifactKey: Guid(090b0dcfc2666b84f85a2ca721945221) Importer(815301076,1909f56bfc062723c751e8b465ee728b)
Start importing Assets/prefab/ScreenObj/RoteMap/Parts/MapPlayer.prefab using Guid(090b0dcfc2666b84f85a2ca721945221) Importer(815301076,1909f56bfc062723c751e8b465ee728b)  -> (artifact id: '15cf924af6cdaef55a2d4e2308afd144') in 0.012606 seconds 
========================================================================
Received Import Request.
  Time since last request: 4.217827 seconds.
  path: Assets/prefab/ScreenObj/RoteMap/Parts/MapPlayer.prefab
  artifactKey: Guid(090b0dcfc2666b84f85a2ca721945221) Importer(815301076,1909f56bfc062723c751e8b465ee728b)
Start importing Assets/prefab/ScreenObj/RoteMap/Parts/MapPlayer.prefab using Guid(090b0dcfc2666b84f85a2ca721945221) Importer(815301076,1909f56bfc062723c751e8b465ee728b)  -> (artifact id: 'c3f2f2af6354c4613c032c05a4a32346') in 0.011790 seconds 
========================================================================
Received Import Request.
  Time since last request: 1.606124 seconds.
  path: Assets/prefab/ScreenObj/RoteMap/Parts/MapPlayer.prefab
  artifactKey: Guid(090b0dcfc2666b84f85a2ca721945221) Importer(815301076,1909f56bfc062723c751e8b465ee728b)
Start importing Assets/prefab/ScreenObj/RoteMap/Parts/MapPlayer.prefab using Guid(090b0dcfc2666b84f85a2ca721945221) Importer(815301076,1909f56bfc062723c751e8b465ee728b)  -> (artifact id: 'c9386ae471e13c538282bc2007943228') in 0.013478 seconds 
========================================================================
Received Import Request.
  Time since last request: 33.978164 seconds.
  path: Assets/prefab/ScreenObj/RoteMap/Parts/MapPlayer.prefab
  artifactKey: Guid(090b0dcfc2666b84f85a2ca721945221) Importer(815301076,1909f56bfc062723c751e8b465ee728b)
Start importing Assets/prefab/ScreenObj/RoteMap/Parts/MapPlayer.prefab using Guid(090b0dcfc2666b84f85a2ca721945221) Importer(815301076,1909f56bfc062723c751e8b465ee728b)  -> (artifact id: '7445c6917a51e537e941e8163d054417') in 0.011551 seconds 
========================================================================
Received Import Request.
  Time since last request: 4.403897 seconds.
  path: Assets/prefab/ScreenObj/RoteMap/Parts/MapPlayer.prefab
  artifactKey: Guid(090b0dcfc2666b84f85a2ca721945221) Importer(815301076,1909f56bfc062723c751e8b465ee728b)
Start importing Assets/prefab/ScreenObj/RoteMap/Parts/MapPlayer.prefab using Guid(090b0dcfc2666b84f85a2ca721945221) Importer(815301076,1909f56bfc062723c751e8b465ee728b)  -> (artifact id: '71b4b0dc8ffb4e7b6bf34cf83730da8a') in 0.013957 seconds 
========================================================================
Received Import Request.
  Time since last request: 2.817379 seconds.
  path: Assets/prefab/ScreenObj/RoteMap/Parts/MapPlayer.prefab
  artifactKey: Guid(090b0dcfc2666b84f85a2ca721945221) Importer(815301076,1909f56bfc062723c751e8b465ee728b)
Start importing Assets/prefab/ScreenObj/RoteMap/Parts/MapPlayer.prefab using Guid(090b0dcfc2666b84f85a2ca721945221) Importer(815301076,1909f56bfc062723c751e8b465ee728b)  -> (artifact id: '698dfd2ed35fb38827934f72088b84e4') in 0.013266 seconds 
========================================================================
Received Import Request.
  Time since last request: 107.048398 seconds.
  path: Assets/prefab/ScreenObj/RoteMap/Parts/MapPlayer.prefab
  artifactKey: Guid(090b0dcfc2666b84f85a2ca721945221) Importer(815301076,1909f56bfc062723c751e8b465ee728b)
Start importing Assets/prefab/ScreenObj/RoteMap/Parts/MapPlayer.prefab using Guid(090b0dcfc2666b84f85a2ca721945221) Importer(815301076,1909f56bfc062723c751e8b465ee728b)  -> (artifact id: '6f2da03699434ac917ab5009d95b099d') in 0.016724 seconds 
========================================================================
Received Import Request.
  Time since last request: 9.023157 seconds.
  path: Assets/prefab/ScreenObj/RoteMap/Parts/MapPlayer.prefab
  artifactKey: Guid(090b0dcfc2666b84f85a2ca721945221) Importer(815301076,1909f56bfc062723c751e8b465ee728b)
Start importing Assets/prefab/ScreenObj/RoteMap/Parts/MapPlayer.prefab using Guid(090b0dcfc2666b84f85a2ca721945221) Importer(815301076,1909f56bfc062723c751e8b465ee728b)  -> (artifact id: '5e313cab42b28a0c0db78b5c684e571c') in 0.013395 seconds 
========================================================================
Received Import Request.
  Time since last request: 5.848320 seconds.
  path: Assets/prefab/ScreenObj/RoteMap/Parts/MapPlayer.prefab
  artifactKey: Guid(090b0dcfc2666b84f85a2ca721945221) Importer(815301076,1909f56bfc062723c751e8b465ee728b)
Start importing Assets/prefab/ScreenObj/RoteMap/Parts/MapPlayer.prefab using Guid(090b0dcfc2666b84f85a2ca721945221) Importer(815301076,1909f56bfc062723c751e8b465ee728b)  -> (artifact id: '9490c31ca2bbe8ee36c12e2bfbb65cb3') in 0.013273 seconds 
========================================================================
Received Import Request.
  Time since last request: 6.643644 seconds.
  path: Assets/prefab/ScreenObj/RoteMap/Parts/MapPlayer.prefab
  artifactKey: Guid(090b0dcfc2666b84f85a2ca721945221) Importer(815301076,1909f56bfc062723c751e8b465ee728b)
Start importing Assets/prefab/ScreenObj/RoteMap/Parts/MapPlayer.prefab using Guid(090b0dcfc2666b84f85a2ca721945221) Importer(815301076,1909f56bfc062723c751e8b465ee728b)  -> (artifact id: '0ac0e31bc03aed34b4a3d8284ebd3603') in 0.017017 seconds 
========================================================================
Received Import Request.
  Time since last request: 4.643401 seconds.
  path: Assets/prefab/ScreenObj/RoteMap/Parts/MapPlayer.prefab
  artifactKey: Guid(090b0dcfc2666b84f85a2ca721945221) Importer(815301076,1909f56bfc062723c751e8b465ee728b)
Start importing Assets/prefab/ScreenObj/RoteMap/Parts/MapPlayer.prefab using Guid(090b0dcfc2666b84f85a2ca721945221) Importer(815301076,1909f56bfc062723c751e8b465ee728b)  -> (artifact id: '669040e078c2d55492f2daf5b8f1c004') in 0.023660 seconds 
========================================================================
Received Import Request.
  Time since last request: 14.816683 seconds.
  path: Assets/prefab/ScreenObj/RoteMap/Parts/MapPlayer.prefab
  artifactKey: Guid(090b0dcfc2666b84f85a2ca721945221) Importer(815301076,1909f56bfc062723c751e8b465ee728b)
Start importing Assets/prefab/ScreenObj/RoteMap/Parts/MapPlayer.prefab using Guid(090b0dcfc2666b84f85a2ca721945221) Importer(815301076,1909f56bfc062723c751e8b465ee728b)  -> (artifact id: 'f72b438a3515ff882b7bb94fab1e2ebd') in 0.008823 seconds 
========================================================================
Received Import Request.
  Time since last request: 175.535064 seconds.
  path: Assets/prefab/ScreenObj/RoteMap/Parts/MapPlayer.prefab
  artifactKey: Guid(090b0dcfc2666b84f85a2ca721945221) Importer(815301076,1909f56bfc062723c751e8b465ee728b)
Start importing Assets/prefab/ScreenObj/RoteMap/Parts/MapPlayer.prefab using Guid(090b0dcfc2666b84f85a2ca721945221) Importer(815301076,1909f56bfc062723c751e8b465ee728b)  -> (artifact id: '1749631f1ce42d0b1ba03d1f13b03246') in 0.016240 seconds 
========================================================================
Received Import Request.
  Time since last request: 3.340759 seconds.
  path: Assets/prefab/ScreenObj/RoteMap/Parts/MapPlayer.prefab
  artifactKey: Guid(090b0dcfc2666b84f85a2ca721945221) Importer(815301076,1909f56bfc062723c751e8b465ee728b)
Start importing Assets/prefab/ScreenObj/RoteMap/Parts/MapPlayer.prefab using Guid(090b0dcfc2666b84f85a2ca721945221) Importer(815301076,1909f56bfc062723c751e8b465ee728b)  -> (artifact id: '79be2eb089cf84050a8765a45ab60e09') in 0.013184 seconds 
========================================================================
Received Import Request.
  Time since last request: 15.684011 seconds.
  path: Assets/prefab/ScreenObj/RoteMap/Parts/MapPlayer.prefab
  artifactKey: Guid(090b0dcfc2666b84f85a2ca721945221) Importer(815301076,1909f56bfc062723c751e8b465ee728b)
Start importing Assets/prefab/ScreenObj/RoteMap/Parts/MapPlayer.prefab using Guid(090b0dcfc2666b84f85a2ca721945221) Importer(815301076,1909f56bfc062723c751e8b465ee728b)  -> (artifact id: 'e164eb4ef5336c2ba3f69a4c6bf400b1') in 0.011397 seconds 
========================================================================
Received Import Request.
  Time since last request: 5.808255 seconds.
  path: Assets/prefab/ScreenObj/RoteMap/Parts/MapPlayer.prefab
  artifactKey: Guid(090b0dcfc2666b84f85a2ca721945221) Importer(815301076,1909f56bfc062723c751e8b465ee728b)
Start importing Assets/prefab/ScreenObj/RoteMap/Parts/MapPlayer.prefab using Guid(090b0dcfc2666b84f85a2ca721945221) Importer(815301076,1909f56bfc062723c751e8b465ee728b)  -> (artifact id: '9e5f3284fabbbfce99f20fa222a1c125') in 0.010702 seconds 
========================================================================
Received Import Request.
  Time since last request: 3.812060 seconds.
  path: Assets/prefab/ScreenObj/RoteMap/Parts/MapPlayer.prefab
  artifactKey: Guid(090b0dcfc2666b84f85a2ca721945221) Importer(815301076,1909f56bfc062723c751e8b465ee728b)
Start importing Assets/prefab/ScreenObj/RoteMap/Parts/MapPlayer.prefab using Guid(090b0dcfc2666b84f85a2ca721945221) Importer(815301076,1909f56bfc062723c751e8b465ee728b)  -> (artifact id: '3c7ba32d5b725b0a1a847ebb23fb3c93') in 0.014349 seconds 
========================================================================
Received Import Request.
  Time since last request: 10.255473 seconds.
  path: Assets/prefab/ScreenObj/RoteMap/Parts/MapPlayer.prefab
  artifactKey: Guid(090b0dcfc2666b84f85a2ca721945221) Importer(815301076,1909f56bfc062723c751e8b465ee728b)
Start importing Assets/prefab/ScreenObj/RoteMap/Parts/MapPlayer.prefab using Guid(090b0dcfc2666b84f85a2ca721945221) Importer(815301076,1909f56bfc062723c751e8b465ee728b)  -> (artifact id: 'dcd52cfbfc1fae56e677aa04b3c51385') in 0.013494 seconds 
========================================================================
Received Import Request.
  Time since last request: 8.464431 seconds.
  path: Assets/prefab/ScreenObj/RoteMap/Parts/MapPlayer.prefab
  artifactKey: Guid(090b0dcfc2666b84f85a2ca721945221) Importer(815301076,1909f56bfc062723c751e8b465ee728b)
Start importing Assets/prefab/ScreenObj/RoteMap/Parts/MapPlayer.prefab using Guid(090b0dcfc2666b84f85a2ca721945221) Importer(815301076,1909f56bfc062723c751e8b465ee728b)  -> (artifact id: '22aaf2cc1956e1ff54f71f549161d543') in 0.012180 seconds 
========================================================================
Received Import Request.
  Time since last request: 7.938473 seconds.
  path: Assets/prefab/ScreenObj/RoteMap/Parts/MapPlayer.prefab
  artifactKey: Guid(090b0dcfc2666b84f85a2ca721945221) Importer(815301076,1909f56bfc062723c751e8b465ee728b)
Start importing Assets/prefab/ScreenObj/RoteMap/Parts/MapPlayer.prefab using Guid(090b0dcfc2666b84f85a2ca721945221) Importer(815301076,1909f56bfc062723c751e8b465ee728b)  -> (artifact id: '5540b712a1925ca796ac1813569f304a') in 0.013164 seconds 
========================================================================
Received Import Request.
  Time since last request: 7.428717 seconds.
  path: Assets/prefab/ScreenObj/RoteMap/Parts/MapPlayer.prefab
  artifactKey: Guid(090b0dcfc2666b84f85a2ca721945221) Importer(815301076,1909f56bfc062723c751e8b465ee728b)
Start importing Assets/prefab/ScreenObj/RoteMap/Parts/MapPlayer.prefab using Guid(090b0dcfc2666b84f85a2ca721945221) Importer(815301076,1909f56bfc062723c751e8b465ee728b)  -> (artifact id: '937e7e3327b8af0834e60099e0d9ce4c') in 0.011830 seconds 
========================================================================
Received Import Request.
  Time since last request: 2.613160 seconds.
  path: Assets/prefab/ScreenObj/RoteMap/Parts/MapPlayer.prefab
  artifactKey: Guid(090b0dcfc2666b84f85a2ca721945221) Importer(815301076,1909f56bfc062723c751e8b465ee728b)
Start importing Assets/prefab/ScreenObj/RoteMap/Parts/MapPlayer.prefab using Guid(090b0dcfc2666b84f85a2ca721945221) Importer(815301076,1909f56bfc062723c751e8b465ee728b)  -> (artifact id: '3d9e262e868f25822d36252335965fc9') in 0.008554 seconds 
========================================================================
Received Import Request.
  Time since last request: 8.045913 seconds.
  path: Assets/prefab/ScreenObj/RoteMap/Parts/MapPlayer.prefab
  artifactKey: Guid(090b0dcfc2666b84f85a2ca721945221) Importer(815301076,1909f56bfc062723c751e8b465ee728b)
Start importing Assets/prefab/ScreenObj/RoteMap/Parts/MapPlayer.prefab using Guid(090b0dcfc2666b84f85a2ca721945221) Importer(815301076,1909f56bfc062723c751e8b465ee728b)  -> (artifact id: 'ae7ece8007776cc789759a364f77f643') in 0.014708 seconds 
========================================================================
Received Import Request.
  Time since last request: 21.396636 seconds.
  path: Assets/prefab/ScreenObj/RoteMap/Parts/MapPlayer.prefab
  artifactKey: Guid(090b0dcfc2666b84f85a2ca721945221) Importer(815301076,1909f56bfc062723c751e8b465ee728b)
Start importing Assets/prefab/ScreenObj/RoteMap/Parts/MapPlayer.prefab using Guid(090b0dcfc2666b84f85a2ca721945221) Importer(815301076,1909f56bfc062723c751e8b465ee728b)  -> (artifact id: '7429c2dca8387ff40660f50504a54da4') in 0.011701 seconds 
========================================================================
Received Import Request.
  Time since last request: 6.152326 seconds.
  path: Assets/prefab/ScreenObj/RoteMap/Parts/MapPlayer.prefab
  artifactKey: Guid(090b0dcfc2666b84f85a2ca721945221) Importer(815301076,1909f56bfc062723c751e8b465ee728b)
Start importing Assets/prefab/ScreenObj/RoteMap/Parts/MapPlayer.prefab using Guid(090b0dcfc2666b84f85a2ca721945221) Importer(815301076,1909f56bfc062723c751e8b465ee728b)  -> (artifact id: 'ad4c1ce57c562f216fd494e49fa54060') in 0.011754 seconds 
========================================================================
Received Import Request.
  Time since last request: 1.788433 seconds.
  path: Assets/prefab/ScreenObj/RoteMap/Parts/MapPlayer.prefab
  artifactKey: Guid(090b0dcfc2666b84f85a2ca721945221) Importer(815301076,1909f56bfc062723c751e8b465ee728b)
Start importing Assets/prefab/ScreenObj/RoteMap/Parts/MapPlayer.prefab using Guid(090b0dcfc2666b84f85a2ca721945221) Importer(815301076,1909f56bfc062723c751e8b465ee728b)  -> (artifact id: 'b65842655744d1fb7abd4413c5d06af3') in 0.008736 seconds 
========================================================================
Received Import Request.
  Time since last request: 2.376012 seconds.
  path: Assets/prefab/ScreenObj/RoteMap/Parts/MapPlayer.prefab
  artifactKey: Guid(090b0dcfc2666b84f85a2ca721945221) Importer(815301076,1909f56bfc062723c751e8b465ee728b)
Start importing Assets/prefab/ScreenObj/RoteMap/Parts/MapPlayer.prefab using Guid(090b0dcfc2666b84f85a2ca721945221) Importer(815301076,1909f56bfc062723c751e8b465ee728b)  -> (artifact id: 'da98ab90c8928d548288c0668bc47aef') in 0.010121 seconds 
========================================================================
Received Import Request.
  Time since last request: 1.934391 seconds.
  path: Assets/prefab/ScreenObj/RoteMap/Parts/MapPlayer.prefab
  artifactKey: Guid(090b0dcfc2666b84f85a2ca721945221) Importer(815301076,1909f56bfc062723c751e8b465ee728b)
Start importing Assets/prefab/ScreenObj/RoteMap/Parts/MapPlayer.prefab using Guid(090b0dcfc2666b84f85a2ca721945221) Importer(815301076,1909f56bfc062723c751e8b465ee728b)  -> (artifact id: '1319c3cd15855bc749c0d8710c737943') in 0.011062 seconds 
========================================================================
Received Import Request.
  Time since last request: 1.875396 seconds.
  path: Assets/prefab/ScreenObj/RoteMap/Parts/MapPlayer.prefab
  artifactKey: Guid(090b0dcfc2666b84f85a2ca721945221) Importer(815301076,1909f56bfc062723c751e8b465ee728b)
Start importing Assets/prefab/ScreenObj/RoteMap/Parts/MapPlayer.prefab using Guid(090b0dcfc2666b84f85a2ca721945221) Importer(815301076,1909f56bfc062723c751e8b465ee728b)  -> (artifact id: 'd6f300ef570c1c0cbfdb451a91dbb2b1') in 0.010252 seconds 
========================================================================
Received Import Request.
  Time since last request: 1.906169 seconds.
  path: Assets/prefab/ScreenObj/RoteMap/Parts/MapPlayer.prefab
  artifactKey: Guid(090b0dcfc2666b84f85a2ca721945221) Importer(815301076,1909f56bfc062723c751e8b465ee728b)
Start importing Assets/prefab/ScreenObj/RoteMap/Parts/MapPlayer.prefab using Guid(090b0dcfc2666b84f85a2ca721945221) Importer(815301076,1909f56bfc062723c751e8b465ee728b)  -> (artifact id: '6800b3f0fe02e732bfc229adf1797722') in 0.011661 seconds 
========================================================================
Received Import Request.
  Time since last request: 3.437132 seconds.
  path: Assets/prefab/ScreenObj/RoteMap/Parts/MapPlayer.prefab
  artifactKey: Guid(090b0dcfc2666b84f85a2ca721945221) Importer(815301076,1909f56bfc062723c751e8b465ee728b)
Start importing Assets/prefab/ScreenObj/RoteMap/Parts/MapPlayer.prefab using Guid(090b0dcfc2666b84f85a2ca721945221) Importer(815301076,1909f56bfc062723c751e8b465ee728b)  -> (artifact id: '43f3f06c569bc2f20af930fe8fdee5ef') in 0.010538 seconds 
========================================================================
Received Import Request.
  Time since last request: 33.184176 seconds.
  path: Assets/prefab/ScreenObj/RoteMap/Parts/MapPlayer.prefab
  artifactKey: Guid(090b0dcfc2666b84f85a2ca721945221) Importer(815301076,1909f56bfc062723c751e8b465ee728b)
Start importing Assets/prefab/ScreenObj/RoteMap/Parts/MapPlayer.prefab using Guid(090b0dcfc2666b84f85a2ca721945221) Importer(815301076,1909f56bfc062723c751e8b465ee728b)  -> (artifact id: '88ae607a94c229e49c9ba1ae952bb5dd') in 0.010019 seconds 
========================================================================
Received Import Request.
  Time since last request: 1.895748 seconds.
  path: Assets/prefab/ScreenObj/RoteMap/Parts/MapPlayer.prefab
  artifactKey: Guid(090b0dcfc2666b84f85a2ca721945221) Importer(815301076,1909f56bfc062723c751e8b465ee728b)
Start importing Assets/prefab/ScreenObj/RoteMap/Parts/MapPlayer.prefab using Guid(090b0dcfc2666b84f85a2ca721945221) Importer(815301076,1909f56bfc062723c751e8b465ee728b)  -> (artifact id: 'ac33b92b144b09e840711342538fbd74') in 0.025780 seconds 
========================================================================
Received Import Request.
  Time since last request: 1.226864 seconds.
  path: Assets/prefab/ScreenObj/RoteMap/Parts/MapPlayer.prefab
  artifactKey: Guid(090b0dcfc2666b84f85a2ca721945221) Importer(815301076,1909f56bfc062723c751e8b465ee728b)
Start importing Assets/prefab/ScreenObj/RoteMap/Parts/MapPlayer.prefab using Guid(090b0dcfc2666b84f85a2ca721945221) Importer(815301076,1909f56bfc062723c751e8b465ee728b)  -> (artifact id: '1b1b14401aba00c6be30c2d2705bfa5b') in 0.008537 seconds 
========================================================================
Received Import Request.
  Time since last request: 4.428014 seconds.
  path: Assets/prefab/ScreenObj/RoteMap/Parts/MapPlayer.prefab
  artifactKey: Guid(090b0dcfc2666b84f85a2ca721945221) Importer(815301076,1909f56bfc062723c751e8b465ee728b)
Start importing Assets/prefab/ScreenObj/RoteMap/Parts/MapPlayer.prefab using Guid(090b0dcfc2666b84f85a2ca721945221) Importer(815301076,1909f56bfc062723c751e8b465ee728b)  -> (artifact id: 'c15f88ff73d0b0687bd0a675aef5bcb9') in 0.008511 seconds 
========================================================================
Received Import Request.
  Time since last request: 63.448201 seconds.
  path: Assets/prefab/ScreenObj/RoteMap/Parts/MapPlayer.prefab
  artifactKey: Guid(090b0dcfc2666b84f85a2ca721945221) Importer(815301076,1909f56bfc062723c751e8b465ee728b)
Start importing Assets/prefab/ScreenObj/RoteMap/Parts/MapPlayer.prefab using Guid(090b0dcfc2666b84f85a2ca721945221) Importer(815301076,1909f56bfc062723c751e8b465ee728b)  -> (artifact id: 'f2cebf1dc7dd6cc66448ab04b3ed550e') in 0.021046 seconds 
========================================================================
Received Import Request.
  Time since last request: 4.410867 seconds.
  path: Assets/prefab/ScreenObj/RoteMap/Parts/MapPlayer.prefab
  artifactKey: Guid(090b0dcfc2666b84f85a2ca721945221) Importer(815301076,1909f56bfc062723c751e8b465ee728b)
Start importing Assets/prefab/ScreenObj/RoteMap/Parts/MapPlayer.prefab using Guid(090b0dcfc2666b84f85a2ca721945221) Importer(815301076,1909f56bfc062723c751e8b465ee728b)  -> (artifact id: 'd8cd956e86909f0d49ad85ba418ac122') in 0.008762 seconds 
========================================================================
Received Import Request.
  Time since last request: 65.361007 seconds.
  path: Assets/prefab/ScreenObj/RoteMap/Parts/MapShop.prefab
  artifactKey: Guid(1217a0fa21cb2fd4c8196bc5940f73fa) Importer(815301076,1909f56bfc062723c751e8b465ee728b)
Start importing Assets/prefab/ScreenObj/RoteMap/Parts/MapShop.prefab using Guid(1217a0fa21cb2fd4c8196bc5940f73fa) Importer(815301076,1909f56bfc062723c751e8b465ee728b)  -> (artifact id: '4e9f3c4f84a59b4d0e53ba9cec12bc0c') in 0.012962 seconds 
========================================================================
Received Import Request.
  Time since last request: 42.179082 seconds.
  path: Assets/Script/Map.cs
  artifactKey: Guid(24c4864c8d028ec48b953f1e1c0ed1dd) Importer(815301076,1909f56bfc062723c751e8b465ee728b)
Start importing Assets/Script/Map.cs using Guid(24c4864c8d028ec48b953f1e1c0ed1dd) Importer(815301076,1909f56bfc062723c751e8b465ee728b)  -> (artifact id: 'd6e4d1111ea261344efec504e38cd324') in 0.016812 seconds 
========================================================================
Received Import Request.
  Time since last request: 7.024109 seconds.
  path: Assets/Script/GameManager.cs
  artifactKey: Guid(b437077bdcfd566419babcaab8d4e899) Importer(815301076,1909f56bfc062723c751e8b465ee728b)
Start importing Assets/Script/GameManager.cs using Guid(b437077bdcfd566419babcaab8d4e899) Importer(815301076,1909f56bfc062723c751e8b465ee728b)  -> (artifact id: 'ebdc8a9ad52f53faeb47d2bd706372a6') in 0.007127 seconds 
========================================================================
Received Import Request.
  Time since last request: 42.704476 seconds.
  path: Assets/prefab/ScreenObj/RoteMap/Parts/MapStrengthen.prefab
  artifactKey: Guid(9016ed8a6740af147897bc4c0a4b35c5) Importer(815301076,1909f56bfc062723c751e8b465ee728b)
Start importing Assets/prefab/ScreenObj/RoteMap/Parts/MapStrengthen.prefab using Guid(9016ed8a6740af147897bc4c0a4b35c5) Importer(815301076,1909f56bfc062723c751e8b465ee728b)  -> (artifact id: '7d6b3956094ca09b90422afb0c9ad265') in 0.010812 seconds 
========================================================================
Received Import Request.
  Time since last request: 31.438021 seconds.
  path: Assets/prefab/ScreenObj/RoteMap/Parts/MapBattle.prefab
  artifactKey: Guid(b0f31d35fccef584ab8b021aca0b8c80) Importer(815301076,1909f56bfc062723c751e8b465ee728b)
Start importing Assets/prefab/ScreenObj/RoteMap/Parts/MapBattle.prefab using Guid(b0f31d35fccef584ab8b021aca0b8c80) Importer(815301076,1909f56bfc062723c751e8b465ee728b)  -> (artifact id: 'b2fd5de6bd9e89b4805c6eec8e40e7a2') in 0.012587 seconds 
========================================================================
Received Import Request.
  Time since last request: 18.389826 seconds.
  path: Assets/prefab/ScreenObj/RoteMap/Parts/BattleArea.prefab
  artifactKey: Guid(b0f31d35fccef584ab8b021aca0b8c80) Importer(815301076,1909f56bfc062723c751e8b465ee728b)
Start importing Assets/prefab/ScreenObj/RoteMap/Parts/BattleArea.prefab using Guid(b0f31d35fccef584ab8b021aca0b8c80) Importer(815301076,1909f56bfc062723c751e8b465ee728b)  -> (artifact id: '9c12de281d94c01be947a690d8f8a3cb') in 0.014120 seconds 
========================================================================
Received Import Request.
  Time since last request: 8.155177 seconds.
  path: Assets/prefab/ScreenObj/RoteMap/Parts/Map_BattleArea.prefab
  artifactKey: Guid(b0f31d35fccef584ab8b021aca0b8c80) Importer(815301076,1909f56bfc062723c751e8b465ee728b)
Start importing Assets/prefab/ScreenObj/RoteMap/Parts/Map_BattleArea.prefab using Guid(b0f31d35fccef584ab8b021aca0b8c80) Importer(815301076,1909f56bfc062723c751e8b465ee728b)  -> (artifact id: 'ec44897e6f099adebd145edee25b5f57') in 0.011490 seconds 
========================================================================
Received Import Request.
  Time since last request: 6.447595 seconds.
  path: Assets/prefab/ScreenObj/RoteMap/Parts/Map_ShopArea.prefab
  artifactKey: Guid(1217a0fa21cb2fd4c8196bc5940f73fa) Importer(815301076,1909f56bfc062723c751e8b465ee728b)
Start importing Assets/prefab/ScreenObj/RoteMap/Parts/Map_ShopArea.prefab using Guid(1217a0fa21cb2fd4c8196bc5940f73fa) Importer(815301076,1909f56bfc062723c751e8b465ee728b)  -> (artifact id: '81de78a5f3746cf471b0b65ef55eeebf') in 0.009935 seconds 
========================================================================
Received Import Request.
  Time since last request: 7.297016 seconds.
  path: Assets/prefab/ScreenObj/RoteMap/Parts/Map_StrengthenArea.prefab
  artifactKey: Guid(9016ed8a6740af147897bc4c0a4b35c5) Importer(815301076,1909f56bfc062723c751e8b465ee728b)
Start importing Assets/prefab/ScreenObj/RoteMap/Parts/Map_StrengthenArea.prefab using Guid(9016ed8a6740af147897bc4c0a4b35c5) Importer(815301076,1909f56bfc062723c751e8b465ee728b)  -> (artifact id: 'ab7814408d023934224cdb9d8e08503c') in 0.010290 seconds 
========================================================================
Received Import Request.
  Time since last request: 8.911579 seconds.
  path: Assets/prefab/ScreenObj/RoteMap/Parts/Map_Player.prefab
  artifactKey: Guid(090b0dcfc2666b84f85a2ca721945221) Importer(815301076,1909f56bfc062723c751e8b465ee728b)
Start importing Assets/prefab/ScreenObj/RoteMap/Parts/Map_Player.prefab using Guid(090b0dcfc2666b84f85a2ca721945221) Importer(815301076,1909f56bfc062723c751e8b465ee728b)  -> (artifact id: '152550370ba72e0ea023231e0cac97ce') in 0.019436 seconds 
========================================================================
Received Import Request.
  Time since last request: 104.894332 seconds.
  path: Assets/prefab/ScreenObj/RoteMap/Parts/Stand.prefab
  artifactKey: Guid(6dd21c96e1a82884f9c40d0c48242fc7) Importer(815301076,1909f56bfc062723c751e8b465ee728b)
Start importing Assets/prefab/ScreenObj/RoteMap/Parts/Stand.prefab using Guid(6dd21c96e1a82884f9c40d0c48242fc7) Importer(815301076,1909f56bfc062723c751e8b465ee728b)  -> (artifact id: '7d9c49892845a2548ac40eeec2217e66') in 0.014278 seconds 
========================================================================
Received Import Request.
  Time since last request: 0.093165 seconds.
  path: Assets/prefab/ScreenObj/RoteMap/Parts/Map_Player.prefab
  artifactKey: Guid(090b0dcfc2666b84f85a2ca721945221) Importer(815301076,1909f56bfc062723c751e8b465ee728b)
Start importing Assets/prefab/ScreenObj/RoteMap/Parts/Map_Player.prefab using Guid(090b0dcfc2666b84f85a2ca721945221) Importer(815301076,1909f56bfc062723c751e8b465ee728b)  -> (artifact id: 'e976e1dbfeea185cfa15a60c37b6e609') in 0.009946 seconds 
========================================================================
Received Import Request.
  Time since last request: 75.794179 seconds.
  path: Assets/prefab/ScreenObj/RoteMap/Parts/Map_BattleArea.prefab
  artifactKey: Guid(b0f31d35fccef584ab8b021aca0b8c80) Importer(815301076,1909f56bfc062723c751e8b465ee728b)
Start importing Assets/prefab/ScreenObj/RoteMap/Parts/Map_BattleArea.prefab using Guid(b0f31d35fccef584ab8b021aca0b8c80) Importer(815301076,1909f56bfc062723c751e8b465ee728b)  -> (artifact id: '47984f90f40f4c51ec3b3f9066bfceca') in 0.011030 seconds 
========================================================================
Received Import Request.
  Time since last request: 5.035248 seconds.
  path: Assets/prefab/ScreenObj/RoteMap/Parts/Map_BattleArea.prefab
  artifactKey: Guid(b0f31d35fccef584ab8b021aca0b8c80) Importer(815301076,1909f56bfc062723c751e8b465ee728b)
Start importing Assets/prefab/ScreenObj/RoteMap/Parts/Map_BattleArea.prefab using Guid(b0f31d35fccef584ab8b021aca0b8c80) Importer(815301076,1909f56bfc062723c751e8b465ee728b)  -> (artifact id: '2eda2088acfcd219dca2a0a077022f5a') in 0.009088 seconds 
========================================================================
Received Import Request.
  Time since last request: 6.982961 seconds.
  path: Assets/prefab/ScreenObj/RoteMap/Parts/Map_Player.prefab
  artifactKey: Guid(090b0dcfc2666b84f85a2ca721945221) Importer(815301076,1909f56bfc062723c751e8b465ee728b)
Start importing Assets/prefab/ScreenObj/RoteMap/Parts/Map_Player.prefab using Guid(090b0dcfc2666b84f85a2ca721945221) Importer(815301076,1909f56bfc062723c751e8b465ee728b)  -> (artifact id: 'b60f571bb925256ae78c5b163ccf5ede') in 0.012828 seconds 
========================================================================
Received Import Request.
  Time since last request: 4.304670 seconds.
  path: Assets/prefab/ScreenObj/RoteMap/Parts/Map_Player.prefab
  artifactKey: Guid(090b0dcfc2666b84f85a2ca721945221) Importer(815301076,1909f56bfc062723c751e8b465ee728b)
Start importing Assets/prefab/ScreenObj/RoteMap/Parts/Map_Player.prefab using Guid(090b0dcfc2666b84f85a2ca721945221) Importer(815301076,1909f56bfc062723c751e8b465ee728b)  -> (artifact id: '516fe4867c0b9a4b477c4651ac51380c') in 0.015858 seconds 
========================================================================
Received Import Request.
  Time since last request: 13.050277 seconds.
  path: Assets/prefab/ScreenObj/RoteMap/Parts/Map_Player.prefab
  artifactKey: Guid(090b0dcfc2666b84f85a2ca721945221) Importer(815301076,1909f56bfc062723c751e8b465ee728b)
Start importing Assets/prefab/ScreenObj/RoteMap/Parts/Map_Player.prefab using Guid(090b0dcfc2666b84f85a2ca721945221) Importer(815301076,1909f56bfc062723c751e8b465ee728b)  -> (artifact id: '43151dfbc29830e058f7f3fd7f274c79') in 0.008896 seconds 
========================================================================
Received Import Request.
  Time since last request: 30.064121 seconds.
  path: Assets/prefab/ScreenObj/RoteMap/Parts/Map_BattleArea.prefab
  artifactKey: Guid(b0f31d35fccef584ab8b021aca0b8c80) Importer(815301076,1909f56bfc062723c751e8b465ee728b)
Start importing Assets/prefab/ScreenObj/RoteMap/Parts/Map_BattleArea.prefab using Guid(b0f31d35fccef584ab8b021aca0b8c80) Importer(815301076,1909f56bfc062723c751e8b465ee728b)  -> (artifact id: '8ea653bd9201b84204faf74e2a31c33c') in 0.014474 seconds 
========================================================================
Received Import Request.
  Time since last request: 0.000025 seconds.
  path: Assets/prefab/ScreenObj/RoteMap/Parts/Stand.prefab
  artifactKey: Guid(6dd21c96e1a82884f9c40d0c48242fc7) Importer(815301076,1909f56bfc062723c751e8b465ee728b)
Start importing Assets/prefab/ScreenObj/RoteMap/Parts/Stand.prefab using Guid(6dd21c96e1a82884f9c40d0c48242fc7) Importer(815301076,1909f56bfc062723c751e8b465ee728b)  -> (artifact id: '3b2642590442a8de8b7b4530fd28e250') in 0.011070 seconds 
========================================================================
Received Import Request.
  Time since last request: 4.387429 seconds.
  path: Assets/prefab/ScreenObj/RoteMap/Parts/Map_BattleArea.prefab
  artifactKey: Guid(b0f31d35fccef584ab8b021aca0b8c80) Importer(815301076,1909f56bfc062723c751e8b465ee728b)
Start importing Assets/prefab/ScreenObj/RoteMap/Parts/Map_BattleArea.prefab using Guid(b0f31d35fccef584ab8b021aca0b8c80) Importer(815301076,1909f56bfc062723c751e8b465ee728b)  -> (artifact id: 'bd184c028dd66eb5a2df1271ebe4e559') in 0.021122 seconds 
========================================================================
Received Import Request.
  Time since last request: 2.449345 seconds.
  path: Assets/prefab/ScreenObj/RoteMap/Parts/Map_BattleArea.prefab
  artifactKey: Guid(b0f31d35fccef584ab8b021aca0b8c80) Importer(815301076,1909f56bfc062723c751e8b465ee728b)
Start importing Assets/prefab/ScreenObj/RoteMap/Parts/Map_BattleArea.prefab using Guid(b0f31d35fccef584ab8b021aca0b8c80) Importer(815301076,1909f56bfc062723c751e8b465ee728b)  -> (artifact id: '2dc78b1b42879b3d265de929a4dfa0e2') in 0.014384 seconds 
========================================================================
Received Import Request.
  Time since last request: 0.000038 seconds.
  path: Assets/prefab/ScreenObj/RoteMap/Parts/Stand.prefab
  artifactKey: Guid(6dd21c96e1a82884f9c40d0c48242fc7) Importer(815301076,1909f56bfc062723c751e8b465ee728b)
Start importing Assets/prefab/ScreenObj/RoteMap/Parts/Stand.prefab using Guid(6dd21c96e1a82884f9c40d0c48242fc7) Importer(815301076,1909f56bfc062723c751e8b465ee728b)  -> (artifact id: 'b16e3835f0722ece9d2ef3bb2f26d54a') in 0.013302 seconds 
========================================================================
Received Import Request.
  Time since last request: 7.853818 seconds.
  path: Assets/prefab/ScreenObj/RoteMap/Parts/Map_BattleArea.prefab
  artifactKey: Guid(b0f31d35fccef584ab8b021aca0b8c80) Importer(815301076,1909f56bfc062723c751e8b465ee728b)
Start importing Assets/prefab/ScreenObj/RoteMap/Parts/Map_BattleArea.prefab using Guid(b0f31d35fccef584ab8b021aca0b8c80) Importer(815301076,1909f56bfc062723c751e8b465ee728b)  -> (artifact id: '94dfd8a7ca8160a7fa755ca5125334c8') in 0.029661 seconds 
========================================================================
Received Import Request.
  Time since last request: 0.542409 seconds.
  path: Assets/prefab/ScreenObj/RoteMap/Parts/Map_BattleArea.prefab
  artifactKey: Guid(b0f31d35fccef584ab8b021aca0b8c80) Importer(815301076,1909f56bfc062723c751e8b465ee728b)
Start importing Assets/prefab/ScreenObj/RoteMap/Parts/Map_BattleArea.prefab using Guid(b0f31d35fccef584ab8b021aca0b8c80) Importer(815301076,1909f56bfc062723c751e8b465ee728b)  -> (artifact id: '2dab8f9516dde2faed10b141f456fb22') in 0.023399 seconds 
========================================================================
Received Import Request.
  Time since last request: 1.594970 seconds.
  path: Assets/prefab/ScreenObj/RoteMap/Parts/Map_BattleArea.prefab
  artifactKey: Guid(b0f31d35fccef584ab8b021aca0b8c80) Importer(815301076,1909f56bfc062723c751e8b465ee728b)
Start importing Assets/prefab/ScreenObj/RoteMap/Parts/Map_BattleArea.prefab using Guid(b0f31d35fccef584ab8b021aca0b8c80) Importer(815301076,1909f56bfc062723c751e8b465ee728b)  -> (artifact id: '6930c1d036264ca9b86509009af9ebcf') in 0.013527 seconds 
========================================================================
Received Import Request.
  Time since last request: 0.000027 seconds.
  path: Assets/prefab/ScreenObj/RoteMap/Parts/Stand.prefab
  artifactKey: Guid(6dd21c96e1a82884f9c40d0c48242fc7) Importer(815301076,1909f56bfc062723c751e8b465ee728b)
Start importing Assets/prefab/ScreenObj/RoteMap/Parts/Stand.prefab using Guid(6dd21c96e1a82884f9c40d0c48242fc7) Importer(815301076,1909f56bfc062723c751e8b465ee728b)  -> (artifact id: '0cd89598502c7c5da60504d909181a68') in 0.023690 seconds 
========================================================================
Received Import Request.
  Time since last request: 1.148400 seconds.
  path: Assets/prefab/ScreenObj/RoteMap/Parts/Map_BattleArea.prefab
  artifactKey: Guid(b0f31d35fccef584ab8b021aca0b8c80) Importer(815301076,1909f56bfc062723c751e8b465ee728b)
Start importing Assets/prefab/ScreenObj/RoteMap/Parts/Map_BattleArea.prefab using Guid(b0f31d35fccef584ab8b021aca0b8c80) Importer(815301076,1909f56bfc062723c751e8b465ee728b)  -> (artifact id: 'ce4c9b5d06cb202eb0305ebc6c4043cb') in 0.014886 seconds 
========================================================================
Received Import Request.
  Time since last request: 0.985769 seconds.
  path: Assets/prefab/ScreenObj/RoteMap/Parts/Map_BattleArea.prefab
  artifactKey: Guid(b0f31d35fccef584ab8b021aca0b8c80) Importer(815301076,1909f56bfc062723c751e8b465ee728b)
Start importing Assets/prefab/ScreenObj/RoteMap/Parts/Map_BattleArea.prefab using Guid(b0f31d35fccef584ab8b021aca0b8c80) Importer(815301076,1909f56bfc062723c751e8b465ee728b)  -> (artifact id: '359348765715a18166c7599a737b20ec') in 0.012694 seconds 
========================================================================
Received Import Request.
  Time since last request: 0.000028 seconds.
  path: Assets/prefab/ScreenObj/RoteMap/Parts/Stand.prefab
  artifactKey: Guid(6dd21c96e1a82884f9c40d0c48242fc7) Importer(815301076,1909f56bfc062723c751e8b465ee728b)
Start importing Assets/prefab/ScreenObj/RoteMap/Parts/Stand.prefab using Guid(6dd21c96e1a82884f9c40d0c48242fc7) Importer(815301076,1909f56bfc062723c751e8b465ee728b)  -> (artifact id: '7cb1f8021ef7002fef83a00821d49787') in 0.012978 seconds 
========================================================================
Received Import Request.
  Time since last request: 2.194822 seconds.
  path: Assets/prefab/ScreenObj/RoteMap/Parts/Map_BattleArea.prefab
  artifactKey: Guid(b0f31d35fccef584ab8b021aca0b8c80) Importer(815301076,1909f56bfc062723c751e8b465ee728b)
Start importing Assets/prefab/ScreenObj/RoteMap/Parts/Map_BattleArea.prefab using Guid(b0f31d35fccef584ab8b021aca0b8c80) Importer(815301076,1909f56bfc062723c751e8b465ee728b)  -> (artifact id: '74186d4587c7dcc283f1eb208f397e63') in 0.015625 seconds 
========================================================================
Received Import Request.
  Time since last request: 7.452794 seconds.
  path: Assets/prefab/ScreenObj/RoteMap/Parts/Map_BattleArea.prefab
  artifactKey: Guid(b0f31d35fccef584ab8b021aca0b8c80) Importer(815301076,1909f56bfc062723c751e8b465ee728b)
Start importing Assets/prefab/ScreenObj/RoteMap/Parts/Map_BattleArea.prefab using Guid(b0f31d35fccef584ab8b021aca0b8c80) Importer(815301076,1909f56bfc062723c751e8b465ee728b)  -> (artifact id: 'ed9b14681febc481d028e8079d2db22b') in 0.009737 seconds 
========================================================================
Received Import Request.
  Time since last request: 0.000027 seconds.
  path: Assets/prefab/ScreenObj/RoteMap/Parts/Stand.prefab
  artifactKey: Guid(6dd21c96e1a82884f9c40d0c48242fc7) Importer(815301076,1909f56bfc062723c751e8b465ee728b)
Start importing Assets/prefab/ScreenObj/RoteMap/Parts/Stand.prefab using Guid(6dd21c96e1a82884f9c40d0c48242fc7) Importer(815301076,1909f56bfc062723c751e8b465ee728b)  -> (artifact id: '457656ace224c2a1da0e7a19c649bc3d') in 0.009088 seconds 
========================================================================
Received Import Request.
  Time since last request: 31.483910 seconds.
  path: Assets/prefab/ScreenObj/RoteMap/Parts/Map_Player.prefab
  artifactKey: Guid(090b0dcfc2666b84f85a2ca721945221) Importer(815301076,1909f56bfc062723c751e8b465ee728b)
Start importing Assets/prefab/ScreenObj/RoteMap/Parts/Map_Player.prefab using Guid(090b0dcfc2666b84f85a2ca721945221) Importer(815301076,1909f56bfc062723c751e8b465ee728b)  -> (artifact id: '7d6eaf74d758acfe7a38beea749120fe') in 0.017340 seconds 
========================================================================
Received Import Request.
  Time since last request: 0.545210 seconds.
  path: Assets/prefab/ScreenObj/RoteMap/Parts/Map_Player.prefab
  artifactKey: Guid(090b0dcfc2666b84f85a2ca721945221) Importer(815301076,1909f56bfc062723c751e8b465ee728b)
Start importing Assets/prefab/ScreenObj/RoteMap/Parts/Map_Player.prefab using Guid(090b0dcfc2666b84f85a2ca721945221) Importer(815301076,1909f56bfc062723c751e8b465ee728b)  -> (artifact id: '01b18a2e336466c76d112451e44de029') in 0.015224 seconds 
========================================================================
Received Import Request.
  Time since last request: 0.995784 seconds.
  path: Assets/prefab/ScreenObj/RoteMap/Parts/Map_Player.prefab
  artifactKey: Guid(090b0dcfc2666b84f85a2ca721945221) Importer(815301076,1909f56bfc062723c751e8b465ee728b)
Start importing Assets/prefab/ScreenObj/RoteMap/Parts/Map_Player.prefab using Guid(090b0dcfc2666b84f85a2ca721945221) Importer(815301076,1909f56bfc062723c751e8b465ee728b)  -> (artifact id: 'a05c075f48d416e3bc809f8c4d2a4cea') in 0.010890 seconds 
========================================================================
Received Import Request.
  Time since last request: 1.393645 seconds.
  path: Assets/prefab/ScreenObj/RoteMap/Parts/Map_Player.prefab
  artifactKey: Guid(090b0dcfc2666b84f85a2ca721945221) Importer(815301076,1909f56bfc062723c751e8b465ee728b)
Start importing Assets/prefab/ScreenObj/RoteMap/Parts/Map_Player.prefab using Guid(090b0dcfc2666b84f85a2ca721945221) Importer(815301076,1909f56bfc062723c751e8b465ee728b)  -> (artifact id: 'cb190f45be500e75303d57af5cd82d2d') in 0.012405 seconds 
========================================================================
Received Import Request.
  Time since last request: 0.593876 seconds.
  path: Assets/prefab/ScreenObj/RoteMap/Parts/Map_Player.prefab
  artifactKey: Guid(090b0dcfc2666b84f85a2ca721945221) Importer(815301076,1909f56bfc062723c751e8b465ee728b)
Start importing Assets/prefab/ScreenObj/RoteMap/Parts/Map_Player.prefab using Guid(090b0dcfc2666b84f85a2ca721945221) Importer(815301076,1909f56bfc062723c751e8b465ee728b)  -> (artifact id: '656a531628101c3e0db4ff91651c8f18') in 0.017532 seconds 
========================================================================
Received Import Request.
  Time since last request: 1.380737 seconds.
  path: Assets/prefab/ScreenObj/RoteMap/Parts/Map_Player.prefab
  artifactKey: Guid(090b0dcfc2666b84f85a2ca721945221) Importer(815301076,1909f56bfc062723c751e8b465ee728b)
Start importing Assets/prefab/ScreenObj/RoteMap/Parts/Map_Player.prefab using Guid(090b0dcfc2666b84f85a2ca721945221) Importer(815301076,1909f56bfc062723c751e8b465ee728b)  -> (artifact id: 'fc123c824062e81886e794c50f5658cb') in 0.011810 seconds 
========================================================================
Received Import Request.
  Time since last request: 0.986962 seconds.
  path: Assets/prefab/ScreenObj/RoteMap/Parts/Map_Player.prefab
  artifactKey: Guid(090b0dcfc2666b84f85a2ca721945221) Importer(815301076,1909f56bfc062723c751e8b465ee728b)
Start importing Assets/prefab/ScreenObj/RoteMap/Parts/Map_Player.prefab using Guid(090b0dcfc2666b84f85a2ca721945221) Importer(815301076,1909f56bfc062723c751e8b465ee728b)  -> (artifact id: 'adab8824e35d166b9f0bfe9ccbbf83ca') in 0.011955 seconds 
========================================================================
Received Import Request.
  Time since last request: 1.603101 seconds.
  path: Assets/prefab/ScreenObj/RoteMap/Parts/Map_Player.prefab
  artifactKey: Guid(090b0dcfc2666b84f85a2ca721945221) Importer(815301076,1909f56bfc062723c751e8b465ee728b)
Start importing Assets/prefab/ScreenObj/RoteMap/Parts/Map_Player.prefab using Guid(090b0dcfc2666b84f85a2ca721945221) Importer(815301076,1909f56bfc062723c751e8b465ee728b)  -> (artifact id: 'fbe35e517c10a29e11e30c54c938fb68') in 0.019883 seconds 
========================================================================
Received Import Request.
  Time since last request: 4.850536 seconds.
  path: Assets/prefab/ScreenObj/RoteMap/Parts/Map_Player.prefab
  artifactKey: Guid(090b0dcfc2666b84f85a2ca721945221) Importer(815301076,1909f56bfc062723c751e8b465ee728b)
Start importing Assets/prefab/ScreenObj/RoteMap/Parts/Map_Player.prefab using Guid(090b0dcfc2666b84f85a2ca721945221) Importer(815301076,1909f56bfc062723c751e8b465ee728b)  -> (artifact id: '2032f60268d7c11e06b8ec67be9b66d8') in 0.013339 seconds 
========================================================================
Received Import Request.
  Time since last request: 4.217796 seconds.
  path: Assets/prefab/ScreenObj/RoteMap/Parts/Map_Player.prefab
  artifactKey: Guid(090b0dcfc2666b84f85a2ca721945221) Importer(815301076,1909f56bfc062723c751e8b465ee728b)
Start importing Assets/prefab/ScreenObj/RoteMap/Parts/Map_Player.prefab using Guid(090b0dcfc2666b84f85a2ca721945221) Importer(815301076,1909f56bfc062723c751e8b465ee728b)  -> (artifact id: '3320404d0596c0292bbf6676a135f39e') in 0.013917 seconds 
========================================================================
Received Import Request.
  Time since last request: 23.055724 seconds.
  path: Assets/prefab/ScreenObj/RoteMap/Parts/Map_Player.prefab
  artifactKey: Guid(090b0dcfc2666b84f85a2ca721945221) Importer(815301076,1909f56bfc062723c751e8b465ee728b)
Start importing Assets/prefab/ScreenObj/RoteMap/Parts/Map_Player.prefab using Guid(090b0dcfc2666b84f85a2ca721945221) Importer(815301076,1909f56bfc062723c751e8b465ee728b)  -> (artifact id: '6c218a4396aae926f7444466737de505') in 0.015681 seconds 
========================================================================
Received Import Request.
  Time since last request: 5.008033 seconds.
  path: Assets/prefab/ScreenObj/RoteMap/Parts/Map_Player.prefab
  artifactKey: Guid(090b0dcfc2666b84f85a2ca721945221) Importer(815301076,1909f56bfc062723c751e8b465ee728b)
Start importing Assets/prefab/ScreenObj/RoteMap/Parts/Map_Player.prefab using Guid(090b0dcfc2666b84f85a2ca721945221) Importer(815301076,1909f56bfc062723c751e8b465ee728b)  -> (artifact id: 'ad131452444daa2212d8a0f53b217974') in 0.011867 seconds 
========================================================================
Received Import Request.
  Time since last request: 5.236371 seconds.
  path: Assets/prefab/ScreenObj/RoteMap/Parts/Map_Player.prefab
  artifactKey: Guid(090b0dcfc2666b84f85a2ca721945221) Importer(815301076,1909f56bfc062723c751e8b465ee728b)
Start importing Assets/prefab/ScreenObj/RoteMap/Parts/Map_Player.prefab using Guid(090b0dcfc2666b84f85a2ca721945221) Importer(815301076,1909f56bfc062723c751e8b465ee728b)  -> (artifact id: 'af0cba854dfef55820cbf72c8c0d0284') in 0.010904 seconds 
========================================================================
Received Import Request.
  Time since last request: 20.369757 seconds.
  path: Assets/prefab/ScreenObj/RoteMap/Parts/Map_Player.prefab
  artifactKey: Guid(090b0dcfc2666b84f85a2ca721945221) Importer(815301076,1909f56bfc062723c751e8b465ee728b)
Start importing Assets/prefab/ScreenObj/RoteMap/Parts/Map_Player.prefab using Guid(090b0dcfc2666b84f85a2ca721945221) Importer(815301076,1909f56bfc062723c751e8b465ee728b)  -> (artifact id: '1eb1283bf4e1ca21fe9c297028c54c39') in 0.012722 seconds 
========================================================================
Received Import Request.
  Time since last request: 6.634462 seconds.
  path: Assets/prefab/ScreenObj/RoteMap/Parts/Map_Player.prefab
  artifactKey: Guid(090b0dcfc2666b84f85a2ca721945221) Importer(815301076,1909f56bfc062723c751e8b465ee728b)
Start importing Assets/prefab/ScreenObj/RoteMap/Parts/Map_Player.prefab using Guid(090b0dcfc2666b84f85a2ca721945221) Importer(815301076,1909f56bfc062723c751e8b465ee728b)  -> (artifact id: 'a2da4e6400f8a50fce875d5cfcb6e822') in 0.010572 seconds 
========================================================================
Received Import Request.
  Time since last request: 145.490537 seconds.
  path: Assets/prefab/ScreenObj/RoteMap/Parts/Map_Player.prefab
  artifactKey: Guid(090b0dcfc2666b84f85a2ca721945221) Importer(815301076,1909f56bfc062723c751e8b465ee728b)
Start importing Assets/prefab/ScreenObj/RoteMap/Parts/Map_Player.prefab using Guid(090b0dcfc2666b84f85a2ca721945221) Importer(815301076,1909f56bfc062723c751e8b465ee728b)  -> (artifact id: '8b86ea362cc6746a55cbad2d7d7c9cf9') in 0.016288 seconds 
========================================================================
Received Import Request.
  Time since last request: 3.010437 seconds.
  path: Assets/prefab/ScreenObj/RoteMap/Parts/Map_Player.prefab
  artifactKey: Guid(090b0dcfc2666b84f85a2ca721945221) Importer(815301076,1909f56bfc062723c751e8b465ee728b)
Start importing Assets/prefab/ScreenObj/RoteMap/Parts/Map_Player.prefab using Guid(090b0dcfc2666b84f85a2ca721945221) Importer(815301076,1909f56bfc062723c751e8b465ee728b)  -> (artifact id: '38bdbef6a7a1a6c52c99d06c35fd1f95') in 0.012299 seconds 
========================================================================
Received Import Request.
  Time since last request: 3.418421 seconds.
  path: Assets/prefab/ScreenObj/RoteMap/Parts/Map_Player.prefab
  artifactKey: Guid(090b0dcfc2666b84f85a2ca721945221) Importer(815301076,1909f56bfc062723c751e8b465ee728b)
Start importing Assets/prefab/ScreenObj/RoteMap/Parts/Map_Player.prefab using Guid(090b0dcfc2666b84f85a2ca721945221) Importer(815301076,1909f56bfc062723c751e8b465ee728b)  -> (artifact id: 'a378b4540d66254f67085dc627130819') in 0.014310 seconds 
========================================================================
Received Import Request.
  Time since last request: 10.914481 seconds.
  path: Assets/prefab/ScreenObj/RoteMap/Parts/Map_Player.prefab
  artifactKey: Guid(090b0dcfc2666b84f85a2ca721945221) Importer(815301076,1909f56bfc062723c751e8b465ee728b)
Start importing Assets/prefab/ScreenObj/RoteMap/Parts/Map_Player.prefab using Guid(090b0dcfc2666b84f85a2ca721945221) Importer(815301076,1909f56bfc062723c751e8b465ee728b)  -> (artifact id: '97a0f3981b107137bfa3c689399b664d') in 0.012766 seconds 
========================================================================
Received Import Request.
  Time since last request: 32.068324 seconds.
  path: Assets/prefab/ScreenObj/RoteMap/Parts/Map_Player.prefab
  artifactKey: Guid(090b0dcfc2666b84f85a2ca721945221) Importer(815301076,1909f56bfc062723c751e8b465ee728b)
Start importing Assets/prefab/ScreenObj/RoteMap/Parts/Map_Player.prefab using Guid(090b0dcfc2666b84f85a2ca721945221) Importer(815301076,1909f56bfc062723c751e8b465ee728b)  -> (artifact id: '3a121534b71065c00f0c842cb38ffafb') in 0.019085 seconds 
========================================================================
Received Import Request.
  Time since last request: 9.667598 seconds.
  path: Assets/prefab/ScreenObj/RoteMap/Parts/Map_Player.prefab
  artifactKey: Guid(090b0dcfc2666b84f85a2ca721945221) Importer(815301076,1909f56bfc062723c751e8b465ee728b)
Start importing Assets/prefab/ScreenObj/RoteMap/Parts/Map_Player.prefab using Guid(090b0dcfc2666b84f85a2ca721945221) Importer(815301076,1909f56bfc062723c751e8b465ee728b)  -> (artifact id: 'd24bee5921066c39614426ea809452a1') in 0.014344 seconds 
========================================================================
Received Import Request.
  Time since last request: 8.232706 seconds.
  path: Assets/prefab/ScreenObj/RoteMap/Parts/Map_Player.prefab
  artifactKey: Guid(090b0dcfc2666b84f85a2ca721945221) Importer(815301076,1909f56bfc062723c751e8b465ee728b)
Start importing Assets/prefab/ScreenObj/RoteMap/Parts/Map_Player.prefab using Guid(090b0dcfc2666b84f85a2ca721945221) Importer(815301076,1909f56bfc062723c751e8b465ee728b)  -> (artifact id: '8e6a4c9296ea621320f08bfe7dedecff') in 0.023519 seconds 
========================================================================
Received Import Request.
  Time since last request: 13.004635 seconds.
  path: Assets/material/bom.mat
  artifactKey: Guid(2c95cd87b1d87fa4b93cc0dbea4cf26c) Importer(815301076,1909f56bfc062723c751e8b465ee728b)
Start importing Assets/material/bom.mat using Guid(2c95cd87b1d87fa4b93cc0dbea4cf26c) Importer(815301076,1909f56bfc062723c751e8b465ee728b)  -> (artifact id: '41877ae950facdea4919b7a51cdb0a78') in 0.327770 seconds 
========================================================================
Received Import Request.
  Time since last request: 1065.965885 seconds.
  path: Assets/material/MiniMap/Player.mat
  artifactKey: Guid(3512b76cb17bc954cb50ce472ad16396) Importer(815301076,1909f56bfc062723c751e8b465ee728b)
Start importing Assets/material/MiniMap/Player.mat using Guid(3512b76cb17bc954cb50ce472ad16396) Importer(815301076,1909f56bfc062723c751e8b465ee728b)  -> (artifact id: '425aeaf9d40bb832a3e389d32bf52892') in 0.025783 seconds 
========================================================================
Received Import Request.
  Time since last request: 133.113263 seconds.
  path: Packages/com.unity.collab-proxy/Editor/Collaborate/Assets/Icons/added-file-dark.png
  artifactKey: Guid(1a4f52b613391cd449af3ad2e44affeb) Importer(815301076,1909f56bfc062723c751e8b465ee728b)
Start importing Packages/com.unity.collab-proxy/Editor/Collaborate/Assets/Icons/added-file-dark.png using Guid(1a4f52b613391cd449af3ad2e44affeb) Importer(815301076,1909f56bfc062723c751e8b465ee728b)  -> (artifact id: 'ff42d0e889f78fe4a67f2a9e25c70d0e') in 0.087774 seconds 
========================================================================
Received Import Request.
  Time since last request: 0.000028 seconds.
  path: Packages/com.unity.probuilder/Content/Icons/Toolbar/AltButton_Hover.png
  artifactKey: Guid(d4f4647229a9f47a3b8739dad2c59db5) Importer(815301076,1909f56bfc062723c751e8b465ee728b)
Start importing Packages/com.unity.probuilder/Content/Icons/Toolbar/AltButton_Hover.png using Guid(d4f4647229a9f47a3b8739dad2c59db5) Importer(815301076,1909f56bfc062723c751e8b465ee728b)  -> (artifact id: '6f62efd773dfeb570046ba607b4fff3e') in 0.031591 seconds 
========================================================================
Received Import Request.
  Time since last request: 0.000024 seconds.
  path: Packages/com.unity.collab-proxy/Editor/Collaborate/Assets/Icons/added-file-dark@2x.png
  artifactKey: Guid(c223e0c507e2c6549a2cb97441b62cbe) Importer(815301076,1909f56bfc062723c751e8b465ee728b)
Start importing Packages/com.unity.collab-proxy/Editor/Collaborate/Assets/Icons/added-file-dark@2x.png using Guid(c223e0c507e2c6549a2cb97441b62cbe) Importer(815301076,1909f56bfc062723c751e8b465ee728b)  -> (artifact id: '07307572b5838940cff88572af2493bf') in 0.023169 seconds 
========================================================================
Received Import Request.
  Time since last request: 0.000039 seconds.
  path: Packages/com.unity.collab-proxy/Editor/Collaborate/Assets/Icons/added-file-light@2x.png
  artifactKey: Guid(ec2e3aa6d0ab8ce4eac29b56d65d61d5) Importer(815301076,1909f56bfc062723c751e8b465ee728b)
Start importing Packages/com.unity.collab-proxy/Editor/Collaborate/Assets/Icons/added-file-light@2x.png using Guid(ec2e3aa6d0ab8ce4eac29b56d65d61d5) Importer(815301076,1909f56bfc062723c751e8b465ee728b)  -> (artifact id: 'fcd698ca73af104dc507620d635d6f2c') in 0.021174 seconds 
========================================================================
Received Import Request.
  Time since last request: 0.000026 seconds.
  path: Packages/com.unity.probuilder/Content/Icons/Tools/ShapeTool/Arch.png
  artifactKey: Guid(daaddaa51d20cb14a971727d2576c391) Importer(815301076,1909f56bfc062723c751e8b465ee728b)
Start importing Packages/com.unity.probuilder/Content/Icons/Tools/ShapeTool/Arch.png using Guid(daaddaa51d20cb14a971727d2576c391) Importer(815301076,1909f56bfc062723c751e8b465ee728b)  -> (artifact id: 'f4b38d67caeb1039672e07775a161f5a') in 0.028059 seconds 
========================================================================
Received Import Request.
  Time since last request: 28.040671 seconds.
  path: Assets/Img/Wepon/Main/MachineGun.png
  artifactKey: Guid(442b7b42d09097349befcfde6d8a910a) Importer(815301076,1909f56bfc062723c751e8b465ee728b)
Start importing Assets/Img/Wepon/Main/MachineGun.png using Guid(442b7b42d09097349befcfde6d8a910a) Importer(815301076,1909f56bfc062723c751e8b465ee728b)  -> (artifact id: 'bbefbed2de8d768c0b1eaaf3468bde6c') in 0.081471 seconds 
